#
# A fatal error has been detected by the Java Runtime Environment:
#
#  EXCEPTION_ACCESS_VIOLATION (0xc0000005) at pc=0x00007ffd730c7143, pid=15180, tid=15256
#
# JRE version: OpenJDK Runtime Environment Temurin-25+36 (25.0+36) (build 25+36-LTS)
# Java VM: OpenJDK 64-Bit Server VM Temurin-25+36 (25+36-LTS, mixed mode, sharing, tiered, compressed oops, compressed class ptrs, parallel gc, windows-amd64)
# Problematic frame:
# V  [jvm.dll+0x387143]
#
# No core dump will be written. Minidumps are not enabled by default on client versions of Windows
#
# If you would like to submit a bug report, please visit:
#   https://github.com/adoptium/adoptium-support/issues
#

---------------  S U M M A R Y ------------

Command Line: -Djdk.xml.maxGeneralEntitySizeLimit=0 -Djdk.xml.totalEntitySizeLimit=0 --add-modules=ALL-SYSTEM --add-opens=java.base/java.util=ALL-UNNAMED --add-opens=java.base/java.lang=ALL-UNNAMED --add-opens=java.base/sun.nio.fs=ALL-UNNAMED -Declipse.application=org.eclipse.jdt.ls.core.id1 -Dosgi.bundles.defaultStartLevel=4 -Declipse.product=org.eclipse.jdt.ls.core.product -Djava.import.generatesMetadataFilesAtProjectRoot=false -DDetectVMInstallationsJob.disabled=true -Dfile.encoding=utf8 -XX:+UseParallelGC -XX:GCTimeRatio=4 -XX:AdaptiveSizePolicyWeight=90 -Dsun.zip.disableMemoryMapping=true -Xmx2G -Xms100m -Xlog:disable -javaagent:c:\Users\kauan.souza\.vscode\extensions\redhat.java-1.48.2025110108\lombok\lombok-1.18.39-4050.jar -XX:+HeapDumpOnOutOfMemoryError -XX:HeapDumpPath=c:\Users\kauan.souza\AppData\Roaming\Code\User\workspaceStorage\592f5c22aa86c22386d8400b1c3272de\redhat.java -Daether.dependencyCollector.impl=bf -XX:+UnlockDiagnosticVMOptions -XX:+AllowArchivingWithJavaAgent -XX:+AutoCreateSharedArchive -XX:SharedArchiveFile=c:\Users\kauan.souza\AppData\Roaming\Code\User\globalStorage\redhat.java\1.48.2025110108\jdtls.jsa c:\Users\kauan.souza\.vscode\extensions\redhat.java-1.48.2025110108\server\plugins\org.eclipse.equinox.launcher_1.7.100.v20251014-1222.jar -configuration c:\Users\kauan.souza\AppData\Roaming\Code\User\globalStorage\redhat.java\1.48.2025110108\config_win -data c:\Users\kauan.souza\AppData\Roaming\Code\User\workspaceStorage\592f5c22aa86c22386d8400b1c3272de\redhat.java\jdt_ws --pipe=\\.\pipe\lsp-e12d757ddffb7634451f08a0887dfdbf-sock

Host: Intel(R) Core(TM) i3-8100 CPU @ 3.60GHz, 4 cores, 11G,  Windows 10 , 64 bit Build 19041 (10.0.19041.3636)
Time: Mon Nov  3 18:04:41 2025 Hora oficial do Brasil elapsed time: 5695.665737 seconds (0d 1h 34m 55s)

---------------  T H R E A D  ---------------

Current thread (0x0000018854f14e40):  VMThread "VM Thread"          [id=15256, stack(0x0000006dc7400000,0x0000006dc7500000) (1024K)]

Stack: [0x0000006dc7400000,0x0000006dc7500000],  sp=0x0000006dc74ff300,  free space=1020k
Native frames: (J=compiled Java code, j=interpreted, Vv=VM code, C=native code)
V  [jvm.dll+0x387143]  (no source info available)
V  [jvm.dll+0x386ff2]  (no source info available)
V  [jvm.dll+0x385f16]  (no source info available)
V  [jvm.dll+0x386353]  (no source info available)
V  [jvm.dll+0x9fe4a2]  (no source info available)
V  [jvm.dll+0x9ff7c1]  (no source info available)
V  [jvm.dll+0x9ffd38]  (no source info available)
V  [jvm.dll+0x9fffd3]  (no source info available)
V  [jvm.dll+0x99610d]  (no source info available)
V  [jvm.dll+0x7a6835]  (no source info available)
C  [ucrtbase.dll+0x21bb2]  (no source info available)
C  [KERNEL32.DLL+0x17344]  (no source info available)
C  [ntdll.dll+0x526b1]  (no source info available)


siginfo: EXCEPTION_ACCESS_VIOLATION (0xc0000005), reading address 0x0000000000000070


Registers:
RAX=0x0000000000000000, RBX=0x0000018811addd98, RCX=0x0000006dc70fef10, RDX=0x0000000000000000
RSP=0x0000006dc74ff300, RBP=0x0000006dc70fef10, RSI=0x0000000000000048, RDI=0x0000000000000000
R8 =0x0000018852c00d80, R9 =0x0000000000000001, R10=0x0000000000008000, R11=0x0000006dc74ff2a0
R12=0x0000000000000000, R13=0x00007ffd738aa258, R14=0x0000000000001140, R15=0x0000000000008a00
RIP=0x00007ffd730c7143, EFLAGS=0x0000000000010287

XMM[0]=0x0000000000000000 0x0000000000000000
XMM[1]=0x000000000718dc38 0x0000000007183550
XMM[2]=0x00000188113970c0 0x0000018811398038
XMM[3]=0x0000018811397b10 0x0000018811396eb0
XMM[4]=0x0000018811398198 0x00000188113977a0
XMM[5]=0x00000000074abae0 0x000000000729fe38
XMM[6]=0x0000000000000000 0x0000000000000000
XMM[7]=0x0000000000000000 0x404e000000000000
XMM[8]=0x0000000000000000 0x0000000000000000
XMM[9]=0x0000000000000000 0x0000000000000000
XMM[10]=0x0000000000000000 0x0000000000000000
XMM[11]=0x0000000000000000 0x0000000000000000
XMM[12]=0x0000000000000000 0x0000000000000000
XMM[13]=0x0000000000000000 0x0000000000000000
XMM[14]=0x0000000000000000 0x0000000000000000
XMM[15]=0x0000000000000000 0x0000000000000000
  MXCSR=0x00001fa0


Register to memory mapping:

RAX=0x0 is null
RBX=0x0000018811addd98 points into unknown readable memory: 0x0000000007010080 | 80 00 01 07 00 00 00 00
RCX=0x0000006dc70fef10 is pointing into the stack for thread: 0x0000018852c75ca0
RDX=0x0 is null
RSP=0x0000006dc74ff300 points into unknown readable memory: 0x0000018854e7fd48 | 48 fd e7 54 88 01 00 00
RBP=0x0000006dc70fef10 is pointing into the stack for thread: 0x0000018852c75ca0
RSI=0x0000000000000048 is an unknown value
RDI=0x0 is null
R8 =0x0000018852c00d80 points into unknown readable memory: 0x0000018852c00cc0 | c0 0c c0 52 88 01 00 00
R9 =0x0000000000000001 is an unknown value
R10=0x0000000000008000 is an unknown value
R11=0x0000006dc74ff2a0 points into unknown readable memory: 0x0000000000008a00 | 00 8a 00 00 00 00 00 00
R12=0x0 is null
R13=0x00007ffd738aa258 jvm.dll
R14=0x0000000000001140 is an unknown value
R15=0x0000000000008a00 is an unknown value

Top of Stack: (sp=0x0000006dc74ff300)
0x0000006dc74ff300:   0000018854e7fd48 00007ffde1cef05b   H..T....[.......
0x0000006dc74ff310:   000001885239c9a0 0000000000000048   ..9R....H.......
0x0000006dc74ff320:   0000000000000000 0000000000000048   ........H.......
0x0000006dc74ff330:   000001885239c9a0 00007ffd72e36b02   ..9R.....k.r....
0x0000006dc74ff340:   0000000000008a00 0000000000000000   ................
0x0000006dc74ff350:   0000000000001140 0000018854e7fd48   @.......H..T....
0x0000006dc74ff360:   0000006dc70fef10 00007ffd730c6ff2   ....m....o.s....
0x0000006dc74ff370:   0000018811addd98 0000018811addd98   ................
0x0000006dc74ff380:   0000000000000000 00000000004eb777   ........w.N.....
0x0000006dc74ff390:   0000018811add848 0000000a000001d8   H...............
0x0000006dc74ff3a0:   00007ffd73869be0 0000000000000000   ...s............
0x0000006dc74ff3b0:   0000000000000000 0000000000000000   ................
0x0000006dc74ff3c0:   00000000000003d8 0000000000000000   ................
0x0000006dc74ff3d0:   000000000883fae0 0000006dc70fef10   ............m...
0x0000006dc74ff3e0:   0000000000015cc8 00000000000003d8   .\..............
0x0000006dc74ff3f0:   0000000000002b99 00007ffd730c5f16   .+......._.s....
0x0000006dc74ff400:   00007ffd00001140 0000000000008a00   @...............
0x0000006dc74ff410:   0000018854e7fd48 00007ffd73b75b28   H..T....([.s....
0x0000006dc74ff420:   0000000000000000 0000000000000000   ................
0x0000006dc74ff430:   000000000000008c 00007ffd7374cad3   ..........ts....
0x0000006dc74ff440:   0000000000000000 0000018854f14e01   .........N.T....
0x0000006dc74ff450:   00007ffd73aeb2d0 0000000000000100   ...s............
0x0000006dc74ff460:   0000000000000000 00007ffd734e27bf   .........'Ns....
0x0000006dc74ff470:   000000000000001d 0000006dc74ff520   ........ .O.m...
0x0000006dc74ff480:   0000018854f14e40 0000018854f147d8   @N.T.....G.T....
0x0000006dc74ff490:   0000018854f14e40 00007ffd7374c9a3   @N.T......ts....
0x0000006dc74ff4a0:   0000000d71f9e150 0000018854f14bb0   P..q.....K.T....
0x0000006dc74ff4b0:   00007ffd73b9ebb0 00000000000003d8   ...s............
0x0000006dc74ff4c0:   0000018854f0eb90 00007ffd730c6353   ...T....Sc.s....
0x0000006dc74ff4d0:   0000006dc70fef00 0000018854f0eb90   ....m......T....
0x0000006dc74ff4e0:   0000018854f147d8 0000018854f147c0   .G.T.....G.T....
0x0000006dc74ff4f0:   0000018854f14bb0 0000018854f147d8   .K.T.....G.T....

Instructions: (pc=0x00007ffd730c7143)
  0x00007ffd730c7043:   d2 e8 b7 91 3c 00 0f b6 83 30 01 00 00 3c 02 72
  0x00007ffd730c7053:   3a 8b 83 b8 00 00 00 48 8d 4c 24 20 33 d2 89 44
  0x00007ffd730c7063:   24 2c 48 89 5c 24 20 c7 44 24 28 d8 01 00 00 e8
  0x00007ffd730c7073:   f9 32 2e 00 48 8d 54 24 30 48 8b cb e8 cc 9d 0d
  0x00007ffd730c7083:   00 48 8b c8 33 d2 e8 12 2f 2e 00 48 8b 03 48 8d
  0x00007ffd730c7093:   54 24 30 48 8b cb 4c 89 64 24 38 44 89 64 24 40
  0x00007ffd730c70a3:   4c 89 64 24 48 4c 89 6c 24 30 ff 50 48 48 8d 4c
  0x00007ffd730c70b3:   24 30 e8 c6 99 3b 00 48 8d 4c 24 30 e8 0c 98 3b
  0x00007ffd730c70c3:   00 48 8b bc 24 a0 00 00 00 be 48 00 00 00 48 8b
  0x00007ffd730c70d3:   8d c0 02 00 00 41 ff c6 49 83 c7 08 44 89 b4 24
  0x00007ffd730c70e3:   90 00 00 00 4c 89 bc 24 98 00 00 00 44 3b 31 0f
  0x00007ffd730c70f3:   8c 98 fd ff ff 4c 8b 7c 24 50 4c 8b 6c 24 58 48
  0x00007ffd730c7103:   8b 7c 24 60 48 8b 74 24 68 48 8b 9c 24 a8 00 00
  0x00007ffd730c7113:   00 48 83 c4 70 41 5e 41 5c 5d c3 cc cc 40 55 57
  0x00007ffd730c7123:   48 83 ec 58 48 3b 15 72 03 a7 00 48 8b fa 48 8b
  0x00007ffd730c7133:   e9 73 0d 48 3b 15 5b 03 a7 00 0f 83 45 02 00 00
=>0x00007ffd730c7143:   48 8b 4a 70 48 85 c9 0f 84 38 02 00 00 ff 15 ca
  0x00007ffd730c7153:   9e a0 00 48 85 c0 0f 84 29 02 00 00 48 8b 07 48
  0x00007ffd730c7163:   8b cf 48 89 5c 24 70 48 89 74 24 78 4c 89 74 24
  0x00007ffd730c7173:   48 ff 90 f8 00 00 00 48 8b 05 f7 20 a7 00 48 85
  0x00007ffd730c7183:   c0 0f 84 c2 00 00 00 65 48 8b 04 25 58 00 00 00
  0x00007ffd730c7193:   8b 0d a3 d6 ad 00 4c 89 a4 24 80 00 00 00 4c 89
  0x00007ffd730c71a3:   6c 24 50 4c 89 7c 24 40 48 8b 1c c8 b8 48 00 00
  0x00007ffd730c71b3:   00 80 3c 18 00 75 05 e8 59 f8 6e 00 b8 20 00 00
  0x00007ffd730c71c3:   00 48 8b 04 18 48 8b b0 a8 03 00 00 48 8b 05 a2
  0x00007ffd730c71d3:   20 a7 00 4c 8b 76 18 4c 8b 7e 20 4c 8b 66 28 4c
  0x00007ffd730c71e3:   8b 6e 08 48 85 c0 74 24 48 8b 5d 48 48 8b cf 48
  0x00007ffd730c71f3:   03 df e8 36 e6 2d 00 4c 8b c8 48 8d 0d 1c 30 7e
  0x00007ffd730c7203:   00 4c 8b c3 48 8b d7 e8 f1 de d7 ff 49 83 3e 00
  0x00007ffd730c7213:   74 13 49 8b d5 48 8b ce e8 90 a2 d8 ff 49 8b ce
  0x00007ffd730c7223:   e8 68 a2 d8 ff 4c 8b 6c 24 50 4c 39 7e 20 74 0c
  0x00007ffd730c7233:   4c 89 76 18 4c 89 7e 20 4c 89 66 28 4c 8b a4 24


Stack slot to memory mapping:

stack at sp + 0 slots: 0x0000018854e7fd48 points into unknown readable memory: 0x0000018854f15380 | 80 53 f1 54 88 01 00 00
stack at sp + 1 slots: 0x00007ffde1cef05b ucrtbase.dll
stack at sp + 2 slots: 0x000001885239c9a0 points into unknown readable memory: 0x4bd4d38b53445352 | 52 53 44 53 8b d3 d4 4b
stack at sp + 3 slots: 0x0000000000000048 is an unknown value
stack at sp + 4 slots: 0x0 is null
stack at sp + 5 slots: 0x0000000000000048 is an unknown value
stack at sp + 6 slots: 0x000001885239c9a0 points into unknown readable memory: 0x4bd4d38b53445352 | 52 53 44 53 8b d3 d4 4b
stack at sp + 7 slots: 0x00007ffd72e36b02 jvm.dll

VM_Operation (0x0000006dc70fef00): PopulateDumpSharedSpace, mode: safepoint, requested by thread 0x0000018852c75ca0


---------------  P R O C E S S  ---------------

Threads class SMR info:
_java_thread_list=0x000001887b8cbf20, length=29, elements={
0x0000018852c75ca0, 0x0000018854f26580, 0x0000018854f27d60, 0x0000018854f28c20,
0x0000018854f2b7f0, 0x0000018854f2ffc0, 0x0000018854f30780, 0x0000018854e8bf50,
0x0000018854e88ef0, 0x000001886ee1de80, 0x0000018873fffc50, 0x0000018873e846d0,
0x00000188771fd730, 0x0000018873e86de0, 0x000001887693eed0, 0x0000018876942d50,
0x00000188769415e0, 0x0000018876940640, 0x0000018876945c30, 0x0000018876946400,
0x00000188771fe6d0, 0x000001887ab9e090, 0x000001887803c0f0, 0x000001887803d860,
0x0000018879830f40, 0x000001887983c2f0, 0x0000018875d33630, 0x0000018874d6caa0,
0x0000018875652ad0
}

Java Threads: ( => current thread )
  0x0000018852c75ca0 JavaThread "main"                              [_thread_blocked, id=13196, stack(0x0000006dc7000000,0x0000006dc7100000) (1024K)]
  0x0000018854f26580 JavaThread "Reference Handler"          daemon [_thread_blocked, id=13800, stack(0x0000006dc7500000,0x0000006dc7600000) (1024K)]
  0x0000018854f27d60 JavaThread "Finalizer"                  daemon [_thread_blocked, id=6580, stack(0x0000006dc7600000,0x0000006dc7700000) (1024K)]
  0x0000018854f28c20 JavaThread "Signal Dispatcher"          daemon [_thread_blocked, id=14672, stack(0x0000006dc7700000,0x0000006dc7800000) (1024K)]
  0x0000018854f2b7f0 JavaThread "Attach Listener"            daemon [_thread_blocked, id=12652, stack(0x0000006dc7800000,0x0000006dc7900000) (1024K)]
  0x0000018854f2ffc0 JavaThread "Service Thread"             daemon [_thread_blocked, id=14848, stack(0x0000006dc7900000,0x0000006dc7a00000) (1024K)]
  0x0000018854f30780 JavaThread "Monitor Deflation Thread"   daemon [_thread_blocked, id=14972, stack(0x0000006dc7a00000,0x0000006dc7b00000) (1024K)]
  0x0000018854e8bf50 JavaThread "C2 CompilerThread0"         daemon [_thread_blocked, id=9192, stack(0x0000006dc7b00000,0x0000006dc7c00000) (1024K)]
  0x0000018854e88ef0 JavaThread "C1 CompilerThread0"         daemon [_thread_blocked, id=9884, stack(0x0000006dc7c00000,0x0000006dc7d00000) (1024K)]
  0x000001886ee1de80 JavaThread "Common-Cleaner"             daemon [_thread_blocked, id=14988, stack(0x0000006dc7d00000,0x0000006dc7e00000) (1024K)]
  0x0000018873fffc50 JavaThread "Notification Thread"        daemon [_thread_blocked, id=14452, stack(0x0000006dc7e00000,0x0000006dc7f00000) (1024K)]
  0x0000018873e846d0 JavaThread "JNA Cleaner"                daemon [_thread_blocked, id=2876, stack(0x0000006dc8900000,0x0000006dc8a00000) (1024K)]
  0x00000188771fd730 JavaThread "InnocuousThread-1"          daemon [_thread_in_native, id=4952, stack(0x0000006dc9400000,0x0000006dc9500000) (1024K)]
  0x0000018873e86de0 JavaThread "InnocuousThread-2"          daemon [_thread_in_native, id=15136, stack(0x0000006dc9500000,0x0000006dc9600000) (1024K)]
  0x000001887693eed0 JavaThread "InnocuousThread-3"          daemon [_thread_in_native, id=15084, stack(0x0000006dc9600000,0x0000006dc9700000) (1024K)]
  0x0000018876942d50 JavaThread "InnocuousThread-4"          daemon [_thread_in_native, id=7208, stack(0x0000006dc9700000,0x0000006dc9800000) (1024K)]
  0x00000188769415e0 JavaThread "InnocuousThread-5"          daemon [_thread_in_native, id=3316, stack(0x0000006dc9800000,0x0000006dc9900000) (1024K)]
  0x0000018876940640 JavaThread "pool-2-thread-1"                   [_thread_blocked, id=1080, stack(0x0000006dc9900000,0x0000006dc9a00000) (1024K)]
  0x0000018876945c30 JavaThread "WorkspaceEventsHandler"            [_thread_blocked, id=6168, stack(0x0000006dc9a00000,0x0000006dc9b00000) (1024K)]
  0x0000018876946400 JavaThread "pool-1-thread-1"                   [_thread_blocked, id=7832, stack(0x0000006dc9b00000,0x0000006dc9c00000) (1024K)]
  0x00000188771fe6d0 JavaThread "Cleaner-0"                  daemon [_thread_blocked, id=16204, stack(0x0000006dc9200000,0x0000006dc9300000) (1024K)]
  0x000001887ab9e090 JavaThread "Compiler Source File Reader" daemon [_thread_blocked, id=16048, stack(0x0000006dc8a00000,0x0000006dc8b00000) (1024K)]
  0x000001887803c0f0 JavaThread "Compiler Source File Reader" daemon [_thread_blocked, id=3444, stack(0x0000006dc9d00000,0x0000006dc9e00000) (1024K)]
  0x000001887803d860 JavaThread "Compiler Class File Writer" daemon [_thread_blocked, id=16292, stack(0x0000006dc9f00000,0x0000006dca000000) (1024K)]
  0x0000018879830f40 JavaThread "Compiler Class File Writer" daemon [_thread_blocked, id=12976, stack(0x0000006dca000000,0x0000006dca100000) (1024K)]
  0x000001887983c2f0 JavaThread "ForkJoinPool.commonPool-worker-51" daemon [_thread_blocked, id=11000, stack(0x0000006dc6f00000,0x0000006dc7000000) (1024K)]
  0x0000018875d33630 JavaThread "ForkJoinPool.commonPool-worker-52" daemon [_thread_blocked, id=8508, stack(0x0000006dc7100000,0x0000006dc7200000) (1024K)]
  0x0000018874d6caa0 JavaThread "pool-9-thread-1"                   [_thread_blocked, id=11512, stack(0x0000006dc8c00000,0x0000006dc8d00000) (1024K)]
  0x0000018875652ad0 JavaThread "C2 CompilerThread1"         daemon [_thread_blocked, id=10276, stack(0x0000006dc8200000,0x0000006dc8300000) (1024K)]
Total: 29

Other Threads:
=>0x0000018854f14e40 VMThread "VM Thread"                           [id=15256, stack(0x0000006dc7400000,0x0000006dc7500000) (1024K)]
  0x000001886ecfca00 WatcherThread "VM Periodic Task Thread"        [id=9064, stack(0x0000006dc7300000,0x0000006dc7400000) (1024K)]
  0x0000018854e97c90 WorkerThread "GC Thread#0"                     [id=15012, stack(0x0000006dc7200000,0x0000006dc7300000) (1024K)]
  0x00000188745debb0 WorkerThread "GC Thread#1"                     [id=4572, stack(0x0000006dc7f00000,0x0000006dc8000000) (1024K)]
  0x00000188744f0ca0 WorkerThread "GC Thread#2"                     [id=4360, stack(0x0000006dc8000000,0x0000006dc8100000) (1024K)]
  0x00000188744f10d0 WorkerThread "GC Thread#3"                     [id=4244, stack(0x0000006dc8100000,0x0000006dc8200000) (1024K)]
Total: 6

Threads with active compile tasks:
C2 CompilerThread0  5695850 37914       4       java.lang.invoke.InvokerBytecodeGenerator::methodDesc (45 bytes)
C2 CompilerThread1  5695850 37919       4       java.lang.invoke.InvokerBytecodeGenerator::emitPushArguments (48 bytes)
Total: 2

VM state: at safepoint (normal execution)

VM Mutex/Monitor currently owned by a thread:  ([mutex/lock_event])
[0x00007ffd73b75b28] DumpTimeTable_lock - owner thread: 0x0000018854f14e40
[0x00007ffd73b76328] Threads_lock - owner thread: 0x0000018854f14e40
[0x00007ffd73b764a8] Heap_lock - owner thread: 0x0000018852c75ca0

Heap address: 0x0000000080000000, size: 2048 MB, Compressed Oops mode: 32-bit

CDS archive(s) mapped at: [0x0000000007000000-0x0000000007dd0000-0x0000000007dd0000), size 14483456, SharedBaseAddress: 0x0000000007000000, ArchiveRelocationMode: 1.
Compressed class space mapped at: 0x0000000008000000-0x0000000048000000, reserved size: 1073741824
UseCompressedClassPointers 1, UseCompactObjectHeaders 0
Narrow klass pointer bits 32, Max shift 3
Narrow klass base: 0x0000000007000000, Narrow klass shift: 0
Encoding Range: [0x0000000007000000 - 0x0000000107000000), (4294967296 bytes)
Klass Range:    [0x0000000007010000 - 0x0000000048000000), (1090453504 bytes)
Klass ID Range:  [65536 - 1090519033) (1090453497)
Protection zone: [0x0000000007000000 - 0x0000000007010000), (65536 bytes)

GC Precious Log:
 CardTable entry size: 512
 CPUs: 4 total, 4 available
 Memory: 12111M
 Large Page Support: Disabled
 NUMA Support: Disabled
 Compressed Oops: Enabled (32-bit)
 Alignments: Space 512K, Generation 512K, Heap 2M
 Heap Min Capacity: 100M
 Heap Initial Capacity: 100M
 Heap Max Capacity: 2G
 Pre-touch: Disabled
 Parallel Workers: 4

Heap:
 PSYoungGen      total 25088K, used 6506K [0x00000000d5580000, 0x00000000d7d00000, 0x0000000100000000)
  eden space 24064K, 24% used [0x00000000d5580000,0x00000000d5b2fbe8,0x00000000d6d00000)
  from space 1024K, 66% used [0x00000000d7c00000,0x00000000d7caaf10,0x00000000d7d00000)
  to   space 5632K, 0% used [0x00000000d7200000,0x00000000d7200000,0x00000000d7780000)
 ParOldGen       total 1252864K, used 1252486K [0x0000000080000000, 0x00000000cc780000, 0x00000000d5580000)
  object space 1252864K, 99% used [0x0000000080000000,0x00000000cc721b08,0x00000000cc780000)

Card table byte_map: [0x00000188549c0000,0x0000018854dc0000] _byte_map_base: 0x00000188545c0000

Marking Bits: (ParMarkBitMap*) 0x00007ffd73b7b840
 Begin Bits: [0x000001886cc20000, 0x000001886ec20000)

Polling page: 0x0000018854650000

Metaspace:
Metaspace        used 99054K, committed 101120K, reserved 1179648K
 class space     used 8485K, committed 9408K, reserved 1048576K

Usage:
  Non-class:     88.45 MB used.
      Class:      8.29 MB used.
       Both:     96.73 MB used.

Virtual space:
  Non-class space:      128.00 MB reserved,      89.56 MB ( 70%) committed,  2 nodes.
      Class space:        1.00 GB reserved,       9.19 MB ( <1%) committed,  1 nodes.
             Both:        1.12 GB reserved,      98.75 MB (  9%) committed. 

Chunk freelists:
   Non-Class:  6.35 MB
       Class:  6.71 MB
        Both:  13.06 MB

MaxMetaspaceSize: unlimited
CompressedClassSpaceSize: 1.00 GB
Initial GC threshold: 21.00 MB
Current GC threshold: 158.44 MB
CDS: on
 - commit_granule_bytes: 65536.
 - commit_granule_words: 8192.
 - virtual_space_node_default_size: 8388608.
 - enlarge_chunks_in_place: 1.
UseCompressedClassPointers 1, UseCompactObjectHeaders 0
Narrow klass pointer bits 32, Max shift 3
Narrow klass base: 0x0000000007000000, Narrow klass shift: 0
Encoding Range: [0x0000000007000000 - 0x0000000107000000), (4294967296 bytes)
Klass Range:    [0x0000000007010000 - 0x0000000048000000), (1090453504 bytes)
Klass ID Range:  [65536 - 1090519033) (1090453497)
Protection zone: [0x0000000007000000 - 0x0000000007010000), (65536 bytes)


Internal statistics:

num_allocs_failed_limit: 9.
num_arena_births: 2406.
num_arena_deaths: 236.
num_vsnodes_births: 3.
num_vsnodes_deaths: 0.
num_space_committed: 1583.
num_space_uncommitted: 2.
num_chunks_returned_to_freelist: 284.
num_chunks_taken_from_freelist: 7314.
num_chunk_merges: 75.
num_chunk_splits: 4388.
num_chunks_enlarged: 2480.
num_inconsistent_stats: 0.

CodeHeap 'non-profiled nmethods': size=120064Kb used=24686Kb max_used=24686Kb free=95377Kb
 bounds [0x0000018865430000, 0x0000018866c70000, 0x000001886c970000]
CodeHeap 'profiled nmethods': size=120000Kb used=46007Kb max_used=52388Kb free=73992Kb
 bounds [0x000001885d970000, 0x0000018860ca0000, 0x0000018864ea0000]
CodeHeap 'non-nmethods': size=5696Kb used=1643Kb max_used=1722Kb free=4052Kb
 bounds [0x0000018864ea0000, 0x0000018865110000, 0x0000018865430000]
CodeCache: size=245760Kb, used=72336Kb, max_used=78796Kb, free=173421Kb
 total_blobs=26865, nmethods=25946, adapters=821, full_count=0
Compilation: enabled, stopped_count=0, restarted_count=0

Compilation events (20 events):
Event: 5693.801 Thread 0x0000018854e88ef0 37921       3       java.lang.invoke.LambdaForm$BasicType::basicTypeSlots (8 bytes)
Event: 5693.801 Thread 0x0000018854e88ef0 nmethod 37921 0x0000018860628088 code [0x0000018860628180, 0x0000018860628370]
Event: 5693.801 Thread 0x0000018854e88ef0 37923       3       java.lang.invoke.ClassSpecializer$Factory$1$1Var::slotSize (8 bytes)
Event: 5693.801 Thread 0x0000018854e88ef0 nmethod 37923 0x0000018860627c88 code [0x0000018860627d80, 0x0000018860628050]
Event: 5693.801 Thread 0x0000018854e88ef0 37924       3       java.lang.invoke.ClassSpecializer$Factory$1$1Var::isInHeap (13 bytes)
Event: 5693.801 Thread 0x0000018854e88ef0 nmethod 37924 0x0000018860627988 code [0x0000018860627a80, 0x0000018860627bd8]
Event: 5693.801 Thread 0x0000018854e88ef0 37925       1       java.lang.invoke.LambdaForm$BasicType::basicTypeWrapper (5 bytes)
Event: 5693.801 Thread 0x0000018854e88ef0 nmethod 37925 0x0000018865c18508 code [0x0000018865c18600, 0x0000018865c186c8]
Event: 5693.801 Thread 0x0000018854e88ef0 37926       3       java.lang.invoke.ClassSpecializer$Factory$1$1Var::nextIndex (18 bytes)
Event: 5693.801 Thread 0x0000018854e88ef0 nmethod 37926 0x0000018860627488 code [0x0000018860627580, 0x0000018860627918]
Event: 5693.801 Thread 0x0000018854e88ef0 37927       3       java.lang.invoke.ClassSpecializer$Factory$1$1Var::<init> (137 bytes)
Event: 5693.802 Thread 0x0000018854e88ef0 nmethod 37927 0x000001885f2fd188 code [0x000001885f2fd280, 0x000001885f2fedc8]
Event: 5693.802 Thread 0x0000018854e88ef0 37928       3       java.lang.invoke.ClassSpecializer$Factory$1$1Var::nextSlotIndex (24 bytes)
Event: 5693.802 Thread 0x0000018854e88ef0 nmethod 37928 0x0000018860627008 code [0x0000018860627100, 0x0000018860627480]
Event: 5693.802 Thread 0x0000018854e88ef0 37930       3       java.lang.invoke.ClassSpecializer$Factory$1$1Var::emitLoadInstruction (19 bytes)
Event: 5693.802 Thread 0x0000018854e88ef0 nmethod 37930 0x0000018860626c88 code [0x0000018860626d80, 0x0000018860626f30]
Event: 5693.802 Thread 0x0000018854e88ef0 37931       3       jdk.internal.classfile.impl.DirectCodeBuilder::getfield (22 bytes)
Event: 5693.802 Thread 0x0000018854e88ef0 nmethod 37931 0x000001885fa3bc08 code [0x000001885fa3bd00, 0x000001885fa3c1d0]
Event: 5693.803 Thread 0x0000018875652ad0 nmethod 37918 0x0000018866917b08 code [0x0000018866917c00, 0x00000188669180e0]
Event: 5693.803 Thread 0x0000018875652ad0 37919       4       java.lang.invoke.InvokerBytecodeGenerator::emitPushArguments (48 bytes)

GC Heap Usage History (20 events):
Event: 5631.351 {heap Before GC invocations=1793 (full 7):
 PSYoungGen      total 32768K, used 32128K [0x00000000d5580000, 0x00000000d7680000, 0x0000000100000000)
  eden space 31232K, 100% used [0x00000000d5580000,0x00000000d7400000,0x00000000d7400000)
  from space 1536K, 58% used [0x00000000d7500000,0x00000000d75e0000,0x00000000d7680000)
  to   space 1024K, 0% used [0x00000000d7400000,0x00000000d7400000,0x00000000d7500000)
 ParOldGen       total 1186816K, used 1186794K [0x0000000080000000, 0x00000000c8700000, 0x00000000dEvent: 5631.354 {heap After GC invocations=1793 (full 7):
 PSYoungGen      total 31744K, used 1012K [0x00000000d5580000, 0x00000000d7980000, 0x0000000100000000)
  eden space 30720K, 0% used [0x00000000d5580000,0x00000000d5580000,0x00000000d7380000)
  from space 1024K, 98% used [0x00000000d7400000,0x00000000d74fd220,0x00000000d7500000)
  to   space 3072K, 0% used [0x00000000d7680000,0x00000000d7680000,0x00000000d7980000)
 ParOldGen       total 1188352K, used 1188237K [0x0000000080000000, 0x00000000c8880000, 0x00000000d5580Event: 5631.817 {heap Before GC invocations=1794 (full 7):
 PSYoungGen      total 31744K, used 31732K [0x00000000d5580000, 0x00000000d7980000, 0x0000000100000000)
  eden space 30720K, 100% used [0x00000000d5580000,0x00000000d7380000,0x00000000d7380000)
  from space 1024K, 98% used [0x00000000d7400000,0x00000000d74fd220,0x00000000d7500000)
  to   space 3072K, 0% used [0x00000000d7680000,0x00000000d7680000,0x00000000d7980000)
 ParOldGen       total 1188352K, used 1188237K [0x0000000080000000, 0x00000000c8880000, 0x00000000dEvent: 5631.820 {heap After GC invocations=1794 (full 7):
 PSYoungGen      total 32768K, used 948K [0x00000000d5580000, 0x00000000d7780000, 0x0000000100000000)
  eden space 31744K, 0% used [0x00000000d5580000,0x00000000d5580000,0x00000000d7480000)
  from space 1024K, 92% used [0x00000000d7680000,0x00000000d776d200,0x00000000d7780000)
  to   space 1536K, 0% used [0x00000000d7480000,0x00000000d7480000,0x00000000d7600000)
 ParOldGen       total 1189376K, used 1189262K [0x0000000080000000, 0x00000000c8980000, 0x00000000d55800Event: 5631.942 {heap Before GC invocations=1795 (full 7):
 PSYoungGen      total 32768K, used 32692K [0x00000000d5580000, 0x00000000d7780000, 0x0000000100000000)
  eden space 31744K, 100% used [0x00000000d5580000,0x00000000d7480000,0x00000000d7480000)
  from space 1024K, 92% used [0x00000000d7680000,0x00000000d776d200,0x00000000d7780000)
  to   space 1536K, 0% used [0x00000000d7480000,0x00000000d7480000,0x00000000d7600000)
 ParOldGen       total 1189376K, used 1189262K [0x0000000080000000, 0x00000000c8980000, 0x00000000dEvent: 5631.954 {heap After GC invocations=1795 (full 7):
 PSYoungGen      total 32768K, used 1530K [0x00000000d5580000, 0x00000000da800000, 0x0000000100000000)
  eden space 31232K, 0% used [0x00000000d5580000,0x00000000d5580000,0x00000000d7400000)
  from space 1536K, 99% used [0x00000000d7480000,0x00000000d75fe9a0,0x00000000d7600000)
  to   space 26624K, 0% used [0x00000000d8e00000,0x00000000d8e00000,0x00000000da800000)
 ParOldGen       total 1210880K, used 1210508K [0x0000000080000000, 0x00000000c9e80000, 0x00000000d558Event: 5632.054 {heap Before GC invocations=1796 (full 7):
 PSYoungGen      total 32768K, used 30301K [0x00000000d5580000, 0x00000000da800000, 0x0000000100000000)
  eden space 31232K, 92% used [0x00000000d5580000,0x00000000d7198da8,0x00000000d7400000)
  from space 1536K, 99% used [0x00000000d7480000,0x00000000d75fe9a0,0x00000000d7600000)
  to   space 26624K, 0% used [0x00000000d8e00000,0x00000000d8e00000,0x00000000da800000)
 ParOldGen       total 1210880K, used 1210508K [0x0000000080000000, 0x00000000c9e80000, 0x00000000dEvent: 5632.062 {heap After GC invocations=1796 (full 7):
 PSYoungGen      total 44544K, used 13768K [0x00000000d5580000, 0x00000000d9b80000, 0x0000000100000000)
  eden space 30720K, 0% used [0x00000000d5580000,0x00000000d5580000,0x00000000d7380000)
  from space 13824K, 99% used [0x00000000d8e00000,0x00000000d9b72010,0x00000000d9b80000)
  to   space 16896K, 0% used [0x00000000d7a80000,0x00000000d7a80000,0x00000000d8b00000)
 ParOldGen       total 1210880K, used 1210564K [0x0000000080000000, 0x00000000c9e80000, 0x00000000d5Event: 5632.101 {heap Before GC invocations=1797 (full 7):
 PSYoungGen      total 44544K, used 44488K [0x00000000d5580000, 0x00000000d9b80000, 0x0000000100000000)
  eden space 30720K, 100% used [0x00000000d5580000,0x00000000d7380000,0x00000000d7380000)
  from space 13824K, 99% used [0x00000000d8e00000,0x00000000d9b72010,0x00000000d9b80000)
  to   space 16896K, 0% used [0x00000000d7a80000,0x00000000d7a80000,0x00000000d8b00000)
 ParOldGen       total 1210880K, used 1210564K [0x0000000080000000, 0x00000000c9e80000, 0x0000000Event: 5632.108 {heap After GC invocations=1797 (full 7):
 PSYoungGen      total 37376K, used 6734K [0x00000000d5580000, 0x00000000d8e80000, 0x0000000100000000)
  eden space 30208K, 0% used [0x00000000d5580000,0x00000000d5580000,0x00000000d7300000)
  from space 7168K, 93% used [0x00000000d7a80000,0x00000000d8113a00,0x00000000d8180000)
  to   space 10240K, 0% used [0x00000000d8480000,0x00000000d8480000,0x00000000d8e80000)
 ParOldGen       total 1212928K, used 1212482K [0x0000000080000000, 0x00000000ca080000, 0x00000000d558Event: 5632.839 {heap Before GC invocations=1798 (full 7):
 PSYoungGen      total 37376K, used 36942K [0x00000000d5580000, 0x00000000d8e80000, 0x0000000100000000)
  eden space 30208K, 100% used [0x00000000d5580000,0x00000000d7300000,0x00000000d7300000)
  from space 7168K, 93% used [0x00000000d7a80000,0x00000000d8113a00,0x00000000d8180000)
  to   space 10240K, 0% used [0x00000000d8480000,0x00000000d8480000,0x00000000d8e80000)
 ParOldGen       total 1212928K, used 1212482K [0x0000000080000000, 0x00000000ca080000, 0x00000000Event: 5632.847 {heap After GC invocations=1798 (full 7):
 PSYoungGen      total 34816K, used 5028K [0x00000000d5580000, 0x00000000d8980000, 0x0000000100000000)
  eden space 29696K, 0% used [0x00000000d5580000,0x00000000d5580000,0x00000000d7280000)
  from space 5120K, 98% used [0x00000000d8480000,0x00000000d8969210,0x00000000d8980000)
  to   space 6656K, 0% used [0x00000000d7c80000,0x00000000d7c80000,0x00000000d8300000)
 ParOldGen       total 1219584K, used 1219184K [0x0000000080000000, 0x00000000ca700000, 0x00000000d5580Event: 5692.482 {heap Before GC invocations=1799 (full 7):
 PSYoungGen      total 34816K, used 34716K [0x00000000d5580000, 0x00000000d8980000, 0x0000000100000000)
  eden space 29696K, 99% used [0x00000000d5580000,0x00000000d727e010,0x00000000d7280000)
  from space 5120K, 98% used [0x00000000d8480000,0x00000000d8969210,0x00000000d8980000)
  to   space 6656K, 0% used [0x00000000d7c80000,0x00000000d7c80000,0x00000000d8300000)
 ParOldGen       total 1219584K, used 1219184K [0x0000000080000000, 0x00000000ca700000, 0x00000000d5Event: 5692.486 {heap After GC invocations=1799 (full 7):
 PSYoungGen      total 29696K, used 96K [0x00000000d5580000, 0x00000000d8500000, 0x0000000100000000)
  eden space 29184K, 0% used [0x00000000d5580000,0x00000000d5580000,0x00000000d7200000)
  from space 512K, 18% used [0x00000000d7c80000,0x00000000d7c98000,0x00000000d7d00000)
  to   space 2560K, 0% used [0x00000000d8280000,0x00000000d8280000,0x00000000d8500000)
 ParOldGen       total 1224192K, used 1223748K [0x0000000080000000, 0x00000000cab80000, 0x00000000d5580000Event: 5692.818 {heap Before GC invocations=1800 (full 7):
 PSYoungGen      total 29696K, used 29280K [0x00000000d5580000, 0x00000000d8500000, 0x0000000100000000)
  eden space 29184K, 100% used [0x00000000d5580000,0x00000000d7200000,0x00000000d7200000)
  from space 512K, 18% used [0x00000000d7c80000,0x00000000d7c98000,0x00000000d7d00000)
  to   space 2560K, 0% used [0x00000000d8280000,0x00000000d8280000,0x00000000d8500000)
 ParOldGen       total 1224192K, used 1223748K [0x0000000080000000, 0x00000000cab80000, 0x00000000d5Event: 5692.829 {heap After GC invocations=1800 (full 7):
 PSYoungGen      total 27648K, used 2556K [0x00000000d5580000, 0x00000000d9a80000, 0x0000000100000000)
  eden space 25088K, 0% used [0x00000000d5580000,0x00000000d5580000,0x00000000d6e00000)
  from space 2560K, 99% used [0x00000000d8280000,0x00000000d84ff078,0x00000000d8500000)
  to   space 20992K, 0% used [0x00000000d6e00000,0x00000000d6e00000,0x00000000d8280000)
 ParOldGen       total 1239040K, used 1238982K [0x0000000080000000, 0x00000000cba00000, 0x00000000d558Event: 5693.735 {heap Before GC invocations=1801 (full 7):
 PSYoungGen      total 27648K, used 27644K [0x00000000d5580000, 0x00000000d9a80000, 0x0000000100000000)
  eden space 25088K, 100% used [0x00000000d5580000,0x00000000d6e00000,0x00000000d6e00000)
  from space 2560K, 99% used [0x00000000d8280000,0x00000000d84ff078,0x00000000d8500000)
  to   space 20992K, 0% used [0x00000000d6e00000,0x00000000d6e00000,0x00000000d8280000)
 ParOldGen       total 1239040K, used 1238982K [0x0000000080000000, 0x00000000cba00000, 0x00000000Event: 5693.743 {heap After GC invocations=1801 (full 7):
 PSYoungGen      total 37888K, used 12936K [0x00000000d5580000, 0x00000000d8a80000, 0x0000000100000000)
  eden space 24576K, 0% used [0x00000000d5580000,0x00000000d5580000,0x00000000d6d80000)
  from space 13312K, 97% used [0x00000000d6e00000,0x00000000d7aa2000,0x00000000d7b00000)
  to   space 14848K, 0% used [0x00000000d7c00000,0x00000000d7c00000,0x00000000d8a80000)
 ParOldGen       total 1240064K, used 1239574K [0x0000000080000000, 0x00000000cbb00000, 0x00000000d5Event: 5693.785 {heap Before GC invocations=1802 (full 7):
 PSYoungGen      total 37888K, used 37512K [0x00000000d5580000, 0x00000000d8a80000, 0x0000000100000000)
  eden space 24576K, 100% used [0x00000000d5580000,0x00000000d6d80000,0x00000000d6d80000)
  from space 13312K, 97% used [0x00000000d6e00000,0x00000000d7aa2000,0x00000000d7b00000)
  to   space 14848K, 0% used [0x00000000d7c00000,0x00000000d7c00000,0x00000000d8a80000)
 ParOldGen       total 1240064K, used 1239574K [0x0000000080000000, 0x00000000cbb00000, 0x0000000Event: 5693.794 {heap After GC invocations=1802 (full 7):
 PSYoungGen      total 25088K, used 683K [0x00000000d5580000, 0x00000000d7d00000, 0x0000000100000000)
  eden space 24064K, 0% used [0x00000000d5580000,0x00000000d5580000,0x00000000d6d00000)
  from space 1024K, 66% used [0x00000000d7c00000,0x00000000d7caaf10,0x00000000d7d00000)
  to   space 5632K, 0% used [0x00000000d7200000,0x00000000d7200000,0x00000000d7780000)
 ParOldGen       total 1252864K, used 1252486K [0x0000000080000000, 0x00000000cc780000, 0x00000000d55800
Metaspace Usage History (20 events):
Event: 5631.351 {metaspace Before GC invocations=1793 (full 7):
 Metaspace       used 97282K, committed 98880K, reserved 1179648K
  class space    used 8202K, committed 8960K, reserved 1048576K
}
Event: 5631.354 {metaspace After GC invocations=1793 (full 7):
 Metaspace       used 97282K, committed 98880K, reserved 1179648K
  class space    used 8202K, committed 8960K, reserved 1048576K
}
Event: 5631.817 {metaspace Before GC invocations=1794 (full 7):
 Metaspace       used 97282K, committed 98880K, reserved 1179648K
  class space    used 8202K, committed 8960K, reserved 1048576K
}
Event: 5631.820 {metaspace After GC invocations=1794 (full 7):
 Metaspace       used 97282K, committed 98880K, reserved 1179648K
  class space    used 8202K, committed 8960K, reserved 1048576K
}
Event: 5631.942 {metaspace Before GC invocations=1795 (full 7):
 Metaspace       used 97310K, committed 98880K, reserved 1179648K
  class space    used 8202K, committed 8960K, reserved 1048576K
}
Event: 5631.954 {metaspace After GC invocations=1795 (full 7):
 Metaspace       used 97310K, committed 98880K, reserved 1179648K
  class space    used 8202K, committed 8960K, reserved 1048576K
}
Event: 5632.054 {metaspace Before GC invocations=1796 (full 7):
 Metaspace       used 97323K, committed 98880K, reserved 1179648K
  class space    used 8202K, committed 8960K, reserved 1048576K
}
Event: 5632.062 {metaspace After GC invocations=1796 (full 7):
 Metaspace       used 97323K, committed 98880K, reserved 1179648K
  class space    used 8202K, committed 8960K, reserved 1048576K
}
Event: 5632.101 {metaspace Before GC invocations=1797 (full 7):
 Metaspace       used 97323K, committed 98880K, reserved 1179648K
  class space    used 8202K, committed 8960K, reserved 1048576K
}
Event: 5632.108 {metaspace After GC invocations=1797 (full 7):
 Metaspace       used 97323K, committed 98880K, reserved 1179648K
  class space    used 8202K, committed 8960K, reserved 1048576K
}
Event: 5632.839 {metaspace Before GC invocations=1798 (full 7):
 Metaspace       used 97323K, committed 98880K, reserved 1179648K
  class space    used 8202K, committed 8960K, reserved 1048576K
}
Event: 5632.847 {metaspace After GC invocations=1798 (full 7):
 Metaspace       used 97323K, committed 98880K, reserved 1179648K
  class space    used 8202K, committed 8960K, reserved 1048576K
}
Event: 5692.482 {metaspace Before GC invocations=1799 (full 7):
 Metaspace       used 97370K, committed 98944K, reserved 1179648K
  class space    used 8213K, committed 8960K, reserved 1048576K
}
Event: 5692.486 {metaspace After GC invocations=1799 (full 7):
 Metaspace       used 97370K, committed 98944K, reserved 1179648K
  class space    used 8213K, committed 8960K, reserved 1048576K
}
Event: 5692.818 {metaspace Before GC invocations=1800 (full 7):
 Metaspace       used 97532K, committed 99072K, reserved 1179648K
  class space    used 8236K, committed 8960K, reserved 1048576K
}
Event: 5692.829 {metaspace After GC invocations=1800 (full 7):
 Metaspace       used 97532K, committed 99072K, reserved 1179648K
  class space    used 8236K, committed 8960K, reserved 1048576K
}
Event: 5693.735 {metaspace Before GC invocations=1801 (full 7):
 Metaspace       used 98323K, committed 100032K, reserved 1179648K
  class space    used 8333K, committed 9152K, reserved 1048576K
}
Event: 5693.743 {metaspace After GC invocations=1801 (full 7):
 Metaspace       used 98323K, committed 100032K, reserved 1179648K
  class space    used 8333K, committed 9152K, reserved 1048576K
}
Event: 5693.785 {metaspace Before GC invocations=1802 (full 7):
 Metaspace       used 98808K, committed 100864K, reserved 1179648K
  class space    used 8469K, committed 9408K, reserved 1048576K
}
Event: 5693.794 {metaspace After GC invocations=1802 (full 7):
 Metaspace       used 98808K, committed 100864K, reserved 1179648K
  class space    used 8469K, committed 9408K, reserved 1048576K
}

Dll operation events (12 events):
Event: 0.015 Loaded shared library C:\Program Files\Eclipse Adoptium\jdk-25.0.0.36-hotspot\bin\java.dll
Event: 0.107 Loaded shared library C:\Program Files\Eclipse Adoptium\jdk-25.0.0.36-hotspot\bin\zip.dll
Event: 0.365 Loaded shared library C:\Program Files\Eclipse Adoptium\jdk-25.0.0.36-hotspot\bin\instrument.dll
Event: 0.372 Loaded shared library C:\Program Files\Eclipse Adoptium\jdk-25.0.0.36-hotspot\bin\net.dll
Event: 0.373 Loaded shared library C:\Program Files\Eclipse Adoptium\jdk-25.0.0.36-hotspot\bin\nio.dll
Event: 0.376 Loaded shared library C:\Program Files\Eclipse Adoptium\jdk-25.0.0.36-hotspot\bin\zip.dll
Event: 0.415 Loaded shared library C:\Program Files\Eclipse Adoptium\jdk-25.0.0.36-hotspot\bin\jimage.dll
Event: 0.570 Loaded shared library C:\Program Files\Eclipse Adoptium\jdk-25.0.0.36-hotspot\bin\verify.dll
Event: 5.907 Loaded shared library C:\Users\kauan.souza\AppData\Roaming\Code\User\globalStorage\redhat.java\1.48.2025110108\config_win\org.eclipse.equinox.launcher\org.eclipse.equinox.launcher.win32.win32.x86_64_1.2.1400.v20250801-0854\eclipse_11916.dll
Event: 30.603 Loaded shared library C:\Users\kauan.souza\AppData\Local\Temp\jna--84378530\jna10666622172677157327.dll
Event: 1380.637 Loaded shared library C:\Program Files\Eclipse Adoptium\jdk-25.0.0.36-hotspot\bin\sunmscapi.dll
Event: 1380.682 Loaded shared library C:\Program Files\Eclipse Adoptium\jdk-25.0.0.36-hotspot\bin\extnet.dll

Deoptimization events (20 events):
Event: 5693.751 Thread 0x0000018852c75ca0 Uncommon trap: trap_request=0xffffff45 fr.pc=0x00000188655a27b0 relative=0x00000000000000b0
Event: 5693.751 Thread 0x0000018852c75ca0 Uncommon trap: reason=unstable_if action=reinterpret pc=0x00000188655a27b0 method=java.lang.invoke.LambdaForm$BasicType.basicType(C)Ljava/lang/invoke/LambdaForm$BasicType; @ 1 c2
Event: 5693.751 Thread 0x0000018852c75ca0 DEOPT PACKING pc=0x00000188655a27b0 sp=0x0000006dc70fdcb0
Event: 5693.751 Thread 0x0000018852c75ca0 DEOPT UNPACKING pc=0x0000018864f20e82 sp=0x0000006dc70fdbe0 mode 2
Event: 5693.764 Thread 0x0000018852c75ca0 Uncommon trap: trap_request=0xffffffd6 fr.pc=0x0000018866942334 relative=0x00000000000005b4
Event: 5693.764 Thread 0x0000018852c75ca0 Uncommon trap: reason=array_check action=maybe_recompile pc=0x0000018866942334 method=jdk.internal.classfile.impl.DirectClassBuilder.withMethod(Ljdk/internal/classfile/impl/Util$Writable;)Ljava/lang/classfile/ClassBuilder; @ 51 c2
Event: 5693.764 Thread 0x0000018852c75ca0 DEOPT PACKING pc=0x0000018866942334 sp=0x0000006dc70fde20
Event: 5693.764 Thread 0x0000018852c75ca0 DEOPT UNPACKING pc=0x0000018864f20e82 sp=0x0000006dc70fdcf8 mode 2
Event: 5693.764 Thread 0x0000018852c75ca0 Uncommon trap: trap_request=0xffffffd6 fr.pc=0x0000018866942334 relative=0x00000000000005b4
Event: 5693.764 Thread 0x0000018852c75ca0 Uncommon trap: reason=array_check action=maybe_recompile pc=0x0000018866942334 method=jdk.internal.classfile.impl.DirectClassBuilder.withMethod(Ljdk/internal/classfile/impl/Util$Writable;)Ljava/lang/classfile/ClassBuilder; @ 51 c2
Event: 5693.764 Thread 0x0000018852c75ca0 DEOPT PACKING pc=0x0000018866942334 sp=0x0000006dc70fddd0
Event: 5693.764 Thread 0x0000018852c75ca0 DEOPT UNPACKING pc=0x0000018864f20e82 sp=0x0000006dc70fdca8 mode 2
Event: 5693.764 Thread 0x0000018852c75ca0 Uncommon trap: trap_request=0xffffffd6 fr.pc=0x0000018866942334 relative=0x00000000000005b4
Event: 5693.764 Thread 0x0000018852c75ca0 Uncommon trap: reason=array_check action=maybe_recompile pc=0x0000018866942334 method=jdk.internal.classfile.impl.DirectClassBuilder.withMethod(Ljdk/internal/classfile/impl/Util$Writable;)Ljava/lang/classfile/ClassBuilder; @ 51 c2
Event: 5693.764 Thread 0x0000018852c75ca0 DEOPT PACKING pc=0x0000018866942334 sp=0x0000006dc70fde20
Event: 5693.764 Thread 0x0000018852c75ca0 DEOPT UNPACKING pc=0x0000018864f20e82 sp=0x0000006dc70fdcf8 mode 2
Event: 5693.764 Thread 0x0000018852c75ca0 Uncommon trap: trap_request=0xffffffd6 fr.pc=0x0000018866942334 relative=0x00000000000005b4
Event: 5693.764 Thread 0x0000018852c75ca0 Uncommon trap: reason=array_check action=maybe_recompile pc=0x0000018866942334 method=jdk.internal.classfile.impl.DirectClassBuilder.withMethod(Ljdk/internal/classfile/impl/Util$Writable;)Ljava/lang/classfile/ClassBuilder; @ 51 c2
Event: 5693.764 Thread 0x0000018852c75ca0 DEOPT PACKING pc=0x0000018866942334 sp=0x0000006dc70fddd0
Event: 5693.764 Thread 0x0000018852c75ca0 DEOPT UNPACKING pc=0x0000018864f20e82 sp=0x0000006dc70fdca8 mode 2

Classes loaded (20 events):
Event: 5693.582 Loading class java/util/function/LongBinaryOperator
Event: 5693.582 Loading class java/util/function/LongBinaryOperator done
Event: 5693.582 Loading class java/util/stream/ReduceOps$10
Event: 5693.582 Loading class java/util/stream/ReduceOps$10 done
Event: 5693.582 Loading class java/util/stream/ReduceOps$8ReducingSink
Event: 5693.583 Loading class java/util/stream/Sink$OfLong
Event: 5693.583 Loading class java/util/stream/Sink$OfLong done
Event: 5693.583 Loading class java/util/stream/ReduceOps$8ReducingSink done
Event: 5693.583 Loading class java/util/stream/ReferencePipeline$5$1
Event: 5693.583 Loading class java/util/stream/ReferencePipeline$5$1 done
Event: 5693.660 Loading class java/lang/MatchException
Event: 5693.660 Loading class java/lang/MatchException done
Event: 5693.719 Loading class java/lang/invoke/GenerateJLIClassesHelper
Event: 5693.720 Loading class java/lang/invoke/GenerateJLIClassesHelper done
Event: 5693.720 Loading class java/lang/invoke/GenerateJLIClassesHelper$HolderClassBuilder
Event: 5693.721 Loading class java/lang/invoke/GenerateJLIClassesHelper$HolderClassBuilder done
Event: 5693.762 Loading class java/lang/invoke/BoundMethodHandle$Species_J
Event: 5693.762 Loading class java/lang/invoke/BoundMethodHandle$Species_J done
Event: 5693.781 Loading class java/lang/invoke/BoundMethodHandle$Species_F
Event: 5693.781 Loading class java/lang/invoke/BoundMethodHandle$Species_F done

Classes unloaded (20 events):
Event: 2615.287 Thread 0x0000018854f14e40 Unloading class 0x000000000804b800 'java/lang/invoke/LambdaForm$MH+0x000000000804b800'
Event: 2615.287 Thread 0x0000018854f14e40 Unloading class 0x000000000804b400 'java/lang/invoke/LambdaForm$MH+0x000000000804b400'
Event: 2615.287 Thread 0x0000018854f14e40 Unloading class 0x000000000804b000 'java/lang/invoke/LambdaForm$MH+0x000000000804b000'
Event: 2615.287 Thread 0x0000018854f14e40 Unloading class 0x000000000804ac00 'java/lang/invoke/LambdaForm$MH+0x000000000804ac00'
Event: 2615.287 Thread 0x0000018854f14e40 Unloading class 0x000000000804a800 'java/lang/invoke/LambdaForm$BMH+0x000000000804a800'
Event: 2615.287 Thread 0x0000018854f14e40 Unloading class 0x000000000804a000 'java/lang/invoke/LambdaForm$DMH+0x000000000804a000'
Event: 2615.287 Thread 0x0000018854f14e40 Unloading class 0x0000000008047800 'java/lang/invoke/LambdaForm$MH+0x0000000008047800'
Event: 2615.287 Thread 0x0000018854f14e40 Unloading class 0x0000000008047400 'java/lang/invoke/LambdaForm$MH+0x0000000008047400'
Event: 2615.287 Thread 0x0000018854f14e40 Unloading class 0x0000000008047000 'java/lang/invoke/LambdaForm$MH+0x0000000008047000'
Event: 2615.287 Thread 0x0000018854f14e40 Unloading class 0x0000000008045c00 'java/lang/invoke/LambdaForm$MH+0x0000000008045c00'
Event: 2615.287 Thread 0x0000018854f14e40 Unloading class 0x0000000008045800 'java/lang/invoke/LambdaForm$MH+0x0000000008045800'
Event: 2615.287 Thread 0x0000018854f14e40 Unloading class 0x0000000008045400 'java/lang/invoke/LambdaForm$MH+0x0000000008045400'
Event: 2615.287 Thread 0x0000018854f14e40 Unloading class 0x0000000008045000 'java/lang/invoke/LambdaForm$MH+0x0000000008045000'
Event: 2615.287 Thread 0x0000018854f14e40 Unloading class 0x0000000008044c00 'java/lang/invoke/LambdaForm$BMH+0x0000000008044c00'
Event: 2615.287 Thread 0x0000018854f14e40 Unloading class 0x0000000008043400 'java/lang/invoke/LambdaForm$DMH+0x0000000008043400'
Event: 2615.287 Thread 0x0000018854f14e40 Unloading class 0x0000000008042000 'java/lang/invoke/LambdaForm$MH+0x0000000008042000'
Event: 2615.287 Thread 0x0000018854f14e40 Unloading class 0x0000000008041c00 'java/lang/invoke/LambdaForm$MH+0x0000000008041c00'
Event: 2615.287 Thread 0x0000018854f14e40 Unloading class 0x0000000008041800 'java/lang/invoke/LambdaForm$MH+0x0000000008041800'
Event: 2615.287 Thread 0x0000018854f14e40 Unloading class 0x0000000008041000 'java/lang/invoke/LambdaForm$MH+0x0000000008041000'
Event: 3558.561 Thread 0x0000018854f14e40 Unloading class 0x0000000008494400 'java/lang/invoke/LambdaForm$MH+0x0000000008494400'

Classes redefined (0 events):
No events

Internal exceptions (20 events):
Event: 5693.796 Thread 0x0000018852c75ca0 Exception <a 'java/lang/NoSuchMethodError'{0x00000000d567acb8}: 'int java.lang.invoke.Invokers$Holder.invoke_MT(java.lang.Object, java.lang.Object)'> (0x00000000d567acb8) 
thrown [s\src\hotspot\share\interpreter\linkResolver.cpp, line 804]
Event: 5693.796 Thread 0x0000018852c75ca0 Exception <a 'java/lang/NoSuchMethodError'{0x00000000d5683178}: 'long java.lang.invoke.Invokers$Holder.invoke_MT(java.lang.Object, java.lang.Object)'> (0x00000000d5683178) 
thrown [s\src\hotspot\share\interpreter\linkResolver.cpp, line 804]
Event: 5693.797 Thread 0x0000018852c75ca0 Exception <a 'java/lang/NoSuchMethodError'{0x00000000d568fa10}: 'java.lang.Object java.lang.invoke.Invokers$Holder.linkToCallSite(int, int, int, java.lang.Object)'> (0x00000000d568fa10) 
thrown [s\src\hotspot\share\interpreter\linkResolver.cpp, line 804]
Event: 5693.797 Thread 0x0000018852c75ca0 Exception <a 'java/lang/NoSuchMethodError'{0x00000000d5698138}: 'java.lang.Object java.lang.invoke.Invokers$Holder.linkToCallSite(int, long, java.lang.Object)'> (0x00000000d5698138) 
thrown [s\src\hotspot\share\interpreter\linkResolver.cpp, line 804]
Event: 5693.797 Thread 0x0000018852c75ca0 Exception <a 'java/lang/NoSuchMethodError'{0x00000000d56a02e0}: 'java.lang.Object java.lang.invoke.Invokers$Holder.linkToCallSite(int, java.lang.Object, java.lang.Object, java.lang.Object)'> (0x00000000d56a02e0) 
thrown [s\src\hotspot\share\interpreter\linkResolver.cpp, line 804]
Event: 5693.797 Thread 0x0000018852c75ca0 Exception <a 'java/lang/NoSuchMethodError'{0x00000000d56a8670}: 'java.lang.Object java.lang.invoke.Invokers$Holder.linkToCallSite(int, java.lang.Object, java.lang.Object, java.lang.Object, java.lang.Object)'> (0x00000000d56a8670) 
thrown [s\src\hotspot\share\interpreter\linkResolver.cpp, line 804]
Event: 5693.797 Thread 0x0000018852c75ca0 Exception <a 'java/lang/NoSuchMethodError'{0x00000000d56b52d0}: 'java.lang.Object java.lang.invoke.Invokers$Holder.linkToCallSite(java.lang.Object, java.lang.Object, java.lang.Object, int, java.lang.Object, java.lang.Object, java.lang.Object)'> (0x00000000d56b52d0) 
thrown [s\src\hotspot\share\interpreter\linkResolver.cpp, line 804]
Event: 5693.797 Thread 0x0000018852c75ca0 Exception <a 'java/lang/NoSuchMethodError'{0x00000000d56bd850}: 'java.lang.Object java.lang.invoke.Invokers$Holder.linkToCallSite(java.lang.Object, java.lang.Object, java.lang.Object, int, java.lang.Object, java.lang.Object)'> (0x00000000d56bd850) 
thrown [s\src\hotspot\share\interpreter\linkResolver.cpp, line 804]
Event: 5693.798 Thread 0x0000018852c75ca0 Exception <a 'java/lang/NoSuchMethodError'{0x00000000d56ca0a8}: 'java.lang.Object java.lang.invoke.Invokers$Holder.linkToCallSite(java.lang.Object, java.lang.Object, java.lang.Object, java.lang.Object, java.lang.Object, java.lang.Object, java.lang.Object, java.lang.Object, java.lang.Object, int, java.lang.Object, java.lang.Object, java.lang.Object, java.lang.Object)'> (0x00000000d56ca0a8) 
thrown [s\src\hotspot\share\interpreter\linkResolver.cpp, line 804]
Event: 5693.798 Thread 0x0000018852c75ca0 Exception <a 'java/lang/NoSuchMethodError'{0x00000000d56d59d8}: 'java.lang.Object java.lang.invoke.Invokers$Holder.linkToCallSite(java.lang.Object, int, int, java.lang.Object, java.lang.Object)'> (0x00000000d56d59d8) 
thrown [s\src\hotspot\share\interpreter\linkResolver.cpp, line 804]
Event: 5693.798 Thread 0x0000018852c75ca0 Exception <a 'java/lang/NoSuchMethodError'{0x00000000d56ddd10}: 'java.lang.Object java.lang.invoke.Invokers$Holder.linkToCallSite(java.lang.Object, int, java.lang.Object, java.lang.Object, java.lang.Object)'> (0x00000000d56ddd10) 
thrown [s\src\hotspot\share\interpreter\linkResolver.cpp, line 804]
Event: 5693.798 Thread 0x0000018852c75ca0 Exception <a 'java/lang/NoSuchMethodError'{0x00000000d56e6198}: 'java.lang.Object java.lang.invoke.Invokers$Holder.linkToCallSite(java.lang.Object, int, java.lang.Object, java.lang.Object, java.lang.Object, java.lang.Object, java.lang.Object)'> (0x00000000d56e6198) 
thrown [s\src\hotspot\share\interpreter\linkResolver.cpp, line 804]
Event: 5693.798 Thread 0x0000018852c75ca0 Exception <a 'java/lang/NoSuchMethodError'{0x00000000d56ee708}: 'java.lang.Object java.lang.invoke.Invokers$Holder.linkToCallSite(java.lang.Object, int, java.lang.Object, int, java.lang.Object, java.lang.Object)'> (0x00000000d56ee708) 
thrown [s\src\hotspot\share\interpreter\linkResolver.cpp, line 804]
Event: 5693.798 Thread 0x0000018852c75ca0 Exception <a 'java/lang/NoSuchMethodError'{0x00000000d56f6a90}: 'java.lang.Object java.lang.invoke.Invokers$Holder.linkToCallSite(java.lang.Object, int, java.lang.Object, java.lang.Object)'> (0x00000000d56f6a90) 
thrown [s\src\hotspot\share\interpreter\linkResolver.cpp, line 804]
Event: 5693.798 Thread 0x0000018852c75ca0 Exception <a 'java/lang/NoSuchMethodError'{0x00000000d56ffcf0}: 'java.lang.Object java.lang.invoke.Invokers$Holder.linkToCallSite(java.lang.Object, long, java.lang.Object, java.lang.Object)'> (0x00000000d56ffcf0) 
thrown [s\src\hotspot\share\interpreter\linkResolver.cpp, line 804]
Event: 5693.798 Thread 0x0000018852c75ca0 Exception <a 'java/lang/NoSuchMethodError'{0x00000000d5707fb8}: 'java.lang.Object java.lang.invoke.Invokers$Holder.linkToCallSite(java.lang.Object, long, java.lang.Object)'> (0x00000000d5707fb8) 
thrown [s\src\hotspot\share\interpreter\linkResolver.cpp, line 804]
Event: 5693.798 Thread 0x0000018852c75ca0 Exception <a 'java/lang/NoSuchMethodError'{0x00000000d5710230}: 'java.lang.Object java.lang.invoke.Invokers$Holder.linkToCallSite(java.lang.Object, java.lang.Object, int, int, int, java.lang.Object)'> (0x00000000d5710230) 
thrown [s\src\hotspot\share\interpreter\linkResolver.cpp, line 804]
Event: 5693.798 Thread 0x0000018852c75ca0 Exception <a 'java/lang/NoSuchMethodError'{0x00000000d57185f8}: 'java.lang.Object java.lang.invoke.Invokers$Holder.linkToCallSite(java.lang.Object, java.lang.Object, int, java.lang.Object, java.lang.Object)'> (0x00000000d57185f8) 
thrown [s\src\hotspot\share\interpreter\linkResolver.cpp, line 804]
Event: 5693.799 Thread 0x0000018852c75ca0 Exception <a 'java/lang/NoSuchMethodError'{0x00000000d5720960}: 'java.lang.Object java.lang.invoke.Invokers$Holder.linkToCallSite(java.lang.Object, java.lang.Object, int, java.lang.Object)'> (0x00000000d5720960) 
thrown [s\src\hotspot\share\interpreter\linkResolver.cpp, line 804]
Event: 5693.799 Thread 0x0000018852c75ca0 Exception <a 'java/lang/NoSuchMethodError'{0x00000000d5729178}: 'java.lang.Object java.lang.invoke.Invokers$Holder.linkToCallSite(java.lang.Object, java.lang.Object, long, java.lang.Object)'> (0x00000000d5729178) 
thrown [s\src\hotspot\share\interpreter\linkResolver.cpp, line 804]

VM Operations (20 events):
Event: 5693.662 Executing non-safepoint VM operation: HandshakeAllThreads (Deoptimize) done
Event: 5693.664 Executing non-safepoint VM operation: HandshakeAllThreads (Deoptimize)
Event: 5693.664 Executing non-safepoint VM operation: HandshakeAllThreads (Deoptimize) done
Event: 5693.670 Executing non-safepoint VM operation: HandshakeAllThreads (Deoptimize)
Event: 5693.670 Executing non-safepoint VM operation: HandshakeAllThreads (Deoptimize) done
Event: 5693.674 Executing non-safepoint VM operation: HandshakeAllThreads (Deoptimize)
Event: 5693.674 Executing non-safepoint VM operation: HandshakeAllThreads (Deoptimize) done
Event: 5693.677 Executing non-safepoint VM operation: HandshakeAllThreads (Deoptimize)
Event: 5693.677 Executing non-safepoint VM operation: HandshakeAllThreads (Deoptimize) done
Event: 5693.679 Executing non-safepoint VM operation: HandshakeAllThreads (Deoptimize)
Event: 5693.679 Executing non-safepoint VM operation: HandshakeAllThreads (Deoptimize) done
Event: 5693.684 Executing non-safepoint VM operation: HandshakeAllThreads (Deoptimize)
Event: 5693.684 Executing non-safepoint VM operation: HandshakeAllThreads (Deoptimize) done
Event: 5693.691 Executing non-safepoint VM operation: HandshakeAllThreads (Deoptimize)
Event: 5693.691 Executing non-safepoint VM operation: HandshakeAllThreads (Deoptimize) done
Event: 5693.735 Executing safepoint VM operation: ParallelCollectForAllocation (Allocation Failure)
Event: 5693.743 Executing safepoint VM operation: ParallelCollectForAllocation (Allocation Failure) done
Event: 5693.785 Executing safepoint VM operation: ParallelCollectForAllocation (Allocation Failure)
Event: 5693.794 Executing safepoint VM operation: ParallelCollectForAllocation (Allocation Failure) done
Event: 5693.804 Executing safepoint VM operation: PopulateDumpSharedSpace

Memory protections (0 events):
No events

Nmethod flushes (20 events):
Event: 3558.624 Thread 0x0000018854f14e40 flushing  nmethod 0x0000018860bd6408
Event: 3558.624 Thread 0x0000018854f14e40 flushing  nmethod 0x0000018860bd6a88
Event: 3558.624 Thread 0x0000018854f14e40 flushing  nmethod 0x0000018860bd6e88
Event: 3558.624 Thread 0x0000018854f14e40 flushing  nmethod 0x0000018860bd7288
Event: 3558.624 Thread 0x0000018854f14e40 flushing  nmethod 0x0000018860bd8188
Event: 3558.624 Thread 0x0000018854f14e40 flushing  nmethod 0x0000018860bdd208
Event: 3558.624 Thread 0x0000018854f14e40 flushing  nmethod 0x0000018860be0508
Event: 3558.624 Thread 0x0000018854f14e40 flushing  nmethod 0x0000018860be4888
Event: 3558.624 Thread 0x0000018854f14e40 flushing  nmethod 0x0000018860c2df08
Event: 3558.624 Thread 0x0000018854f14e40 flushing  nmethod 0x0000018860c36808
Event: 3558.624 Thread 0x0000018854f14e40 flushing osr nmethod 0x0000018860c40888
Event: 3558.624 Thread 0x0000018854f14e40 flushing osr nmethod 0x0000018860c49b08
Event: 3558.624 Thread 0x0000018854f14e40 flushing  nmethod 0x0000018860c4e288
Event: 3558.624 Thread 0x0000018854f14e40 flushing  nmethod 0x0000018860c51a08
Event: 3558.624 Thread 0x0000018854f14e40 flushing  nmethod 0x0000018860c65688
Event: 3558.624 Thread 0x0000018854f14e40 flushing  nmethod 0x0000018860c6e288
Event: 3558.624 Thread 0x0000018854f14e40 flushing  nmethod 0x0000018860c72d88
Event: 3558.624 Thread 0x0000018854f14e40 flushing  nmethod 0x0000018860c73608
Event: 3558.624 Thread 0x0000018854f14e40 flushing  nmethod 0x0000018860c74708
Event: 3558.624 Thread 0x0000018854f14e40 flushing  nmethod 0x0000018860c76608

Events (20 events):
Event: 5692.578 Thread 0x0000018854e88ef0 Thread added: 0x0000018878e398f0
Event: 5692.603 Thread 0x000001887aba07a0 Thread added: 0x0000018874d6e9e0
Event: 5692.610 Thread 0x0000018874d6e9e0 Thread exited: 0x0000018874d6e9e0
Event: 5692.632 Thread 0x0000018852c75ca0 Thread added: 0x0000018874d6e9e0
Event: 5693.457 Thread 0x0000018873e8ac60 Thread exited: 0x0000018873e8ac60
Event: 5693.458 Thread 0x0000018878e398f0 Thread exited: 0x0000018878e398f0
Event: 5693.616 Thread 0x0000018873e894f0 Thread exited: 0x0000018873e894f0
Event: 5693.617 Thread 0x000001887ab9f030 Thread exited: 0x000001887ab9f030
Event: 5693.617 Thread 0x000001887aba07a0 Thread exited: 0x000001887aba07a0
Event: 5693.617 Thread 0x0000018875d374b0 Thread exited: 0x0000018875d374b0
Event: 5693.622 Thread 0x000001887481a0b0 Thread exited: 0x000001887481a0b0
Event: 5693.636 Thread 0x0000018873e728f0 Thread exited: 0x0000018873e728f0
Event: 5693.636 Thread 0x00000188746d2420 Thread exited: 0x00000188746d2420
Event: 5693.637 Thread 0x00000188744afb20 Thread exited: 0x00000188744afb20
Event: 5693.637 Thread 0x0000018873fc8080 Thread exited: 0x0000018873fc8080
Event: 5693.638 Thread 0x0000018854e88ef0 Thread added: 0x0000018875652ad0
Event: 5693.641 Thread 0x0000018874d6e9e0 Thread exited: 0x0000018874d6e9e0
Event: 5693.641 Thread 0x0000018852c75ca0 Thread added: 0x0000018873e89cc0
Event: 5693.641 Thread 0x0000018873e89cc0 Thread exited: 0x0000018873e89cc0
Event: 5693.642 Thread 0x0000018852c75ca0 Before exit entered


Dynamic libraries:
0x00007ff76f190000 - 0x00007ff76f19e000 	C:\Program Files\Eclipse Adoptium\jdk-25.0.0.36-hotspot\bin\java.exe
0x00007ffde4150000 - 0x00007ffde4348000 	C:\Windows\SYSTEM32\ntdll.dll
0x00007ffde21f0000 - 0x00007ffde22ad000 	C:\Windows\System32\KERNEL32.DLL
0x00007ffde19e0000 - 0x00007ffde1cd6000 	C:\Windows\System32\KERNELBASE.dll
0x00007ffde1ce0000 - 0x00007ffde1de0000 	C:\Windows\System32\ucrtbase.dll
0x00007ffdcd610000 - 0x00007ffdcd626000 	C:\Program Files\Eclipse Adoptium\jdk-25.0.0.36-hotspot\bin\jli.dll
0x00007ffde2ec0000 - 0x00007ffde305e000 	C:\Windows\System32\USER32.dll
0x00007ffde2160000 - 0x00007ffde2182000 	C:\Windows\System32\win32u.dll
0x00007ffde3890000 - 0x00007ffde38bb000 	C:\Windows\System32\GDI32.dll
0x00007ffde1f40000 - 0x00007ffde2057000 	C:\Windows\System32\gdi32full.dll
0x00007ffde1910000 - 0x00007ffde19ad000 	C:\Windows\System32\msvcp_win.dll
0x00007ffdcd5f0000 - 0x00007ffdcd60e000 	C:\Program Files\Eclipse Adoptium\jdk-25.0.0.36-hotspot\bin\VCRUNTIME140.dll
0x00007ffdca900000 - 0x00007ffdcab9a000 	C:\Windows\WinSxS\amd64_microsoft.windows.common-controls_6595b64144ccf1df_6.0.19041.3636_none_60b6a03d71f818d5\COMCTL32.dll
0x00007ffde2e20000 - 0x00007ffde2ebe000 	C:\Windows\System32\msvcrt.dll
0x00007ffde34f0000 - 0x00007ffde3522000 	C:\Windows\System32\IMM32.DLL
0x00007ffdd72e0000 - 0x00007ffdd72ec000 	C:\Program Files\Eclipse Adoptium\jdk-25.0.0.36-hotspot\bin\vcruntime140_1.dll
0x00007ffdbfc90000 - 0x00007ffdbfd1d000 	C:\Program Files\Eclipse Adoptium\jdk-25.0.0.36-hotspot\bin\msvcp140.dll
0x00007ffd72d40000 - 0x00007ffd73c66000 	C:\Program Files\Eclipse Adoptium\jdk-25.0.0.36-hotspot\bin\server\jvm.dll
0x00007ffde2610000 - 0x00007ffde26c3000 	C:\Windows\System32\ADVAPI32.dll
0x00007ffde3f40000 - 0x00007ffde3fdf000 	C:\Windows\System32\sechost.dll
0x00007ffde3fe0000 - 0x00007ffde4106000 	C:\Windows\System32\RPCRT4.dll
0x00007ffde19b0000 - 0x00007ffde19d7000 	C:\Windows\System32\bcrypt.dll
0x00007ffde3aa0000 - 0x00007ffde3b0b000 	C:\Windows\System32\WS2_32.dll
0x00007ffde11f0000 - 0x00007ffde123b000 	C:\Windows\SYSTEM32\POWRPROF.dll
0x00007ffdcb220000 - 0x00007ffdcb247000 	C:\Windows\SYSTEM32\WINMM.dll
0x00007ffddcc00000 - 0x00007ffddcc0a000 	C:\Windows\SYSTEM32\VERSION.dll
0x00007ffde11d0000 - 0x00007ffde11e2000 	C:\Windows\SYSTEM32\UMPDC.dll
0x00007ffddf310000 - 0x00007ffddf322000 	C:\Windows\SYSTEM32\kernel.appcore.dll
0x00007ffdd6aa0000 - 0x00007ffdd6aaa000 	C:\Program Files\Eclipse Adoptium\jdk-25.0.0.36-hotspot\bin\jimage.dll
0x00007ffdcac00000 - 0x00007ffdcade4000 	C:\Windows\SYSTEM32\DBGHELP.DLL
0x00007ffdc8100000 - 0x00007ffdc8134000 	C:\Windows\SYSTEM32\dbgcore.DLL
0x00007ffde1810000 - 0x00007ffde1892000 	C:\Windows\System32\bcryptPrimitives.dll
0x00007ffdcd5e0000 - 0x00007ffdcd5ef000 	C:\Program Files\Eclipse Adoptium\jdk-25.0.0.36-hotspot\bin\instrument.dll
0x00007ffdcd5c0000 - 0x00007ffdcd5de000 	C:\Program Files\Eclipse Adoptium\jdk-25.0.0.36-hotspot\bin\java.dll
0x00007ffde38c0000 - 0x00007ffde39eb000 	C:\Windows\System32\ole32.dll
0x00007ffde3be0000 - 0x00007ffde3f34000 	C:\Windows\System32\combase.dll
0x00007ffde26d0000 - 0x00007ffde2e15000 	C:\Windows\System32\SHELL32.dll
0x00007ffdbfc70000 - 0x00007ffdbfc87000 	C:\Program Files\Eclipse Adoptium\jdk-25.0.0.36-hotspot\bin\zip.dll
0x00007ffddf5f0000 - 0x00007ffddfd8c000 	C:\Windows\SYSTEM32\windows.storage.dll
0x00007ffde1240000 - 0x00007ffde126e000 	C:\Windows\SYSTEM32\Wldp.dll
0x00007ffde3b10000 - 0x00007ffde3bdd000 	C:\Windows\System32\OLEAUT32.dll
0x00007ffde3740000 - 0x00007ffde37ed000 	C:\Windows\System32\SHCORE.dll
0x00007ffde22b0000 - 0x00007ffde2305000 	C:\Windows\System32\shlwapi.dll
0x00007ffde1740000 - 0x00007ffde1765000 	C:\Windows\SYSTEM32\profapi.dll
0x00007ffdbfa40000 - 0x00007ffdbfa51000 	C:\Program Files\Eclipse Adoptium\jdk-25.0.0.36-hotspot\bin\net.dll
0x00007ffde0f30000 - 0x00007ffde0f9a000 	C:\Windows\system32\mswsock.dll
0x00007ffdbfa20000 - 0x00007ffdbfa36000 	C:\Program Files\Eclipse Adoptium\jdk-25.0.0.36-hotspot\bin\nio.dll
0x00007ffdbfa10000 - 0x00007ffdbfa20000 	C:\Program Files\Eclipse Adoptium\jdk-25.0.0.36-hotspot\bin\verify.dll
0x00007ffd71f80000 - 0x00007ffd71fc4000 	C:\Users\kauan.souza\AppData\Roaming\Code\User\globalStorage\redhat.java\1.48.2025110108\config_win\org.eclipse.equinox.launcher\org.eclipse.equinox.launcher.win32.win32.x86_64_1.2.1400.v20250801-0854\eclipse_11916.dll
0x00007ffde1120000 - 0x00007ffde1138000 	C:\Windows\SYSTEM32\CRYPTSP.dll
0x00007ffde06f0000 - 0x00007ffde0724000 	C:\Windows\system32\rsaenh.dll
0x00007ffde1700000 - 0x00007ffde172e000 	C:\Windows\SYSTEM32\USERENV.dll
0x00007ffde1140000 - 0x00007ffde114c000 	C:\Windows\SYSTEM32\CRYPTBASE.dll
0x00007ffde0c20000 - 0x00007ffde0c5b000 	C:\Windows\SYSTEM32\IPHLPAPI.DLL
0x00007ffde2600000 - 0x00007ffde2608000 	C:\Windows\System32\NSI.dll
0x00007ffd6b7b0000 - 0x00007ffd6b7f9000 	C:\Users\kauan.souza\AppData\Local\Temp\jna--84378530\jna10666622172677157327.dll
0x00007ffde3880000 - 0x00007ffde3888000 	C:\Windows\System32\PSAPI.DLL
0x00007ffde07e0000 - 0x00007ffde08ea000 	C:\Windows\SYSTEM32\winhttp.dll
0x00007ffddc1c0000 - 0x00007ffddc1d7000 	C:\Windows\SYSTEM32\dhcpcsvc6.DLL
0x00007ffddc1a0000 - 0x00007ffddc1bd000 	C:\Windows\SYSTEM32\dhcpcsvc.DLL
0x00007ffde0980000 - 0x00007ffde09b3000 	C:\Windows\SYSTEM32\ntmarta.dll
0x00007ffddac30000 - 0x00007ffddac3e000 	C:\Program Files\Eclipse Adoptium\jdk-25.0.0.36-hotspot\bin\sunmscapi.dll
0x00007ffde1de0000 - 0x00007ffde1f3d000 	C:\Windows\System32\CRYPT32.dll
0x00007ffde12b0000 - 0x00007ffde12d8000 	C:\Windows\SYSTEM32\ncrypt.dll
0x00007ffde1270000 - 0x00007ffde12ab000 	C:\Windows\SYSTEM32\NTASN1.dll
0x00007ffdd69f0000 - 0x00007ffdd69f7000 	C:\Windows\system32\wshunix.dll
0x00007ffdd7c40000 - 0x00007ffdd7c49000 	C:\Program Files\Eclipse Adoptium\jdk-25.0.0.36-hotspot\bin\extnet.dll
0x00007ffde0c60000 - 0x00007ffde0d2b000 	C:\Windows\SYSTEM32\DNSAPI.dll
0x00007ffdd9480000 - 0x00007ffdd948a000 	C:\Windows\System32\rasadhlp.dll
0x00007ffddc7d0000 - 0x00007ffddc850000 	C:\Windows\System32\fwpuclnt.dll

JVMTI agents:
c:\Users\kauan.souza\.vscode\extensions\redhat.java-1.48.2025110108\lombok\lombok-1.18.39-4050.jar path:C:\Program Files\Eclipse Adoptium\jdk-25.0.0.36-hotspot\bin\instrument.dll, loaded, initialized, instrumentlib options:none

dbghelp: loaded successfully - version: 4.0.5 - missing functions: none
symbol engine: initialized successfully - sym options: 0x614 - pdb path: .;C:\Program Files\Eclipse Adoptium\jdk-25.0.0.36-hotspot\bin;C:\Windows\SYSTEM32;C:\Windows\WinSxS\amd64_microsoft.windows.common-controls_6595b64144ccf1df_6.0.19041.3636_none_60b6a03d71f818d5;C:\Program Files\Eclipse Adoptium\jdk-25.0.0.36-hotspot\bin\server;C:\Users\kauan.souza\AppData\Roaming\Code\User\globalStorage\redhat.java\1.48.2025110108\config_win\org.eclipse.equinox.launcher\org.eclipse.equinox.launcher.win32.win32.x86_64_1.2.1400.v20250801-0854;C:\Users\kauan.souza\AppData\Local\Temp\jna--84378530

VM Arguments:
jvm_args: -Djdk.xml.maxGeneralEntitySizeLimit=0 -Djdk.xml.totalEntitySizeLimit=0 --add-modules=ALL-SYSTEM --add-opens=java.base/java.util=ALL-UNNAMED --add-opens=java.base/java.lang=ALL-UNNAMED --add-opens=java.base/sun.nio.fs=ALL-UNNAMED -Declipse.application=org.eclipse.jdt.ls.core.id1 -Dosgi.bundles.defaultStartLevel=4 -Declipse.product=org.eclipse.jdt.ls.core.product -Djava.import.generatesMetadataFilesAtProjectRoot=false -DDetectVMInstallationsJob.disabled=true -Dfile.encoding=utf8 -XX:+UseParallelGC -XX:GCTimeRatio=4 -XX:AdaptiveSizePolicyWeight=90 -Dsun.zip.disableMemoryMapping=true -Xmx2G -Xms100m -Xlog:disable -javaagent:c:\Users\kauan.souza\.vscode\extensions\redhat.java-1.48.2025110108\lombok\lombok-1.18.39-4050.jar -XX:+HeapDumpOnOutOfMemoryError -XX:HeapDumpPath=c:\Users\kauan.souza\AppData\Roaming\Code\User\workspaceStorage\592f5c22aa86c22386d8400b1c3272de\redhat.java -Daether.dependencyCollector.impl=bf -XX:+UnlockDiagnosticVMOptions -XX:+AllowArchivingWithJavaAgent -XX:+AutoCreateSharedArchive -XX:SharedArchiveFile=c:\Users\kauan.souza\AppData\Roaming\Code\User\globalStorage\redhat.java\1.48.2025110108\jdtls.jsa 
java_command: c:\Users\kauan.souza\.vscode\extensions\redhat.java-1.48.2025110108\server\plugins\org.eclipse.equinox.launcher_1.7.100.v20251014-1222.jar -configuration c:\Users\kauan.souza\AppData\Roaming\Code\User\globalStorage\redhat.java\1.48.2025110108\config_win -data c:\Users\kauan.souza\AppData\Roaming\Code\User\workspaceStorage\592f5c22aa86c22386d8400b1c3272de\redhat.java\jdt_ws --pipe=\\.\pipe\lsp-e12d757ddffb7634451f08a0887dfdbf-sock
java_class_path (initial): c:\Users\kauan.souza\.vscode\extensions\redhat.java-1.48.2025110108\server\plugins\org.eclipse.equinox.launcher_1.7.100.v20251014-1222.jar
Launcher Type: SUN_STANDARD

[Global flags]
     bool AOTInvokeDynamicLinking                  = false                                  {diagnostic} {ergonomic}
     bool AOTRecordTraining                        = false                                  {diagnostic} {ergonomic}
     bool AOTReplayTraining                        = false                                  {diagnostic} {ergonomic}
     uint AdaptiveSizePolicyWeight                 = 90                                        {product} {command line}
     bool AllowArchivingWithJavaAgent              = true                                   {diagnostic} {command line}
    ccstr ArchiveClassesAtExit                     = c:\Users\kauan.souza\AppData\Roaming\Code\User\globalStorage\redhat.java\1.48.2025110108\jdtls.jsa            {product} {ergonomic}
     bool AutoCreateSharedArchive                  = true                                      {product} {command line}
     intx CICompilerCount                          = 3                                         {product} {ergonomic}
     uint GCTimeRatio                              = 4                                         {product} {command line}
     bool HeapDumpOnOutOfMemoryError               = true                                   {manageable} {command line}
    ccstr HeapDumpPath                             = c:\Users\kauan.souza\AppData\Roaming\Code\User\workspaceStorage\592f5c22aa86c22386d8400b1c3272de\redhat.java         {manageable} {command line}
   size_t InitialHeapSize                          = 104857600                                 {product} {command line}
   size_t MaxHeapSize                              = 2147483648                                {product} {command line}
   size_t MaxNewSize                               = 715653120                                 {product} {ergonomic}
   size_t MinHeapDeltaBytes                        = 524288                                    {product} {ergonomic}
   size_t MinHeapSize                              = 104857600                                 {product} {command line}
   size_t NewSize                                  = 34603008                                  {product} {ergonomic}
    uintx NonNMethodCodeHeapSize                   = 5832704                                {pd product} {ergonomic}
    uintx NonProfiledCodeHeapSize                  = 122945536                              {pd product} {ergonomic}
    uintx ProfiledCodeHeapSize                     = 122880000                              {pd product} {ergonomic}
    uintx ReservedCodeCacheSize                    = 251658240                              {pd product} {ergonomic}
     bool SegmentedCodeCache                       = true                                      {product} {ergonomic}
    ccstr SharedArchiveFile                        =                                           {product} {command line, ergonomic}
   size_t SoftMaxHeapSize                          = 2147483648                             {manageable} {ergonomic}
     bool UnlockDiagnosticVMOptions                = true                                   {diagnostic} {command line}
     bool UseCompressedOops                        = true                           {product lp64_product} {ergonomic}
     bool UseLargePagesIndividualAllocation        = false                                  {pd product} {ergonomic}
     bool UseParallelGC                            = true                                      {product} {command line}
      int X86ICacheSync                            = 2                                 {ARCH diagnostic} {ergonomic}

Logging:
Log output configuration:
 #0: stdout all=off uptime,level,tags foldmultilines=false
 #1: stderr all=off uptime,level,tags foldmultilines=false

Release file:
IMPLEMENTOR="Eclipse Adoptium" 
IMPLEMENTOR_VERSION="Temurin-25+36" 
JAVA_RUNTIME_VERSION="25+36-LTS" 
JAVA_VERSION="25" 
JAVA_VERSION_DATE="2025-09-16" 
LIBC="default" 
MODULES="java.base java.compiler java.datatransfer java.xml java.prefs java.desktop java.instrument java.logging java.management java.security.sasl java.naming java.rmi java.management.rmi java.net.http java.scripting java.security.jgss java.transaction.xa java.sql java.sql.rowset java.xml.crypto java.se java.smartcardio jdk.accessibility jdk.internal.jvmstat jdk.attach jdk.charsets jdk.internal.opt jdk.zipfs jdk.compiler jdk.crypto.cryptoki jdk.crypto.ec jdk.crypto.mscapi jdk.dynalink jdk.internal.ed jdk.editpad jdk.internal.vm.ci jdk.graal.compiler jdk.graal.compiler.management jdk.hotspot.agent jdk.httpserver jdk.incubator.vector jdk.internal.le jdk.internal.md jdk.jartool jdk.javadoc jdk.jcmd jdk.management jdk.management.agent jdk.jconsole jdk.jdeps jdk.jdwp.agent jdk.jdi jdk.jfr jdk.jlink jdk.jpackage jdk.jshell jdk.jsobject jdk.jstatd jdk.localedata jdk.management.jfr jdk.naming.dns jdk.naming.rmi jdk.net jdk.nio.mapmode jdk.sctp jdk.security.auth jdk.security.jgss jdk.unsupported jdk.unsupported.desktop jdk.xml.dom" 
OS_ARCH="x86_64" 
OS_NAME="Windows" 
SOURCE=".:git:ef82ae723551" 
BUILD_SOURCE="git:b7337f50fb2a765519e79674ae790c2a7450149e"
BUILD_SOURCE_REPO="https://github.com/adoptium/temurin-build.git"
SOURCE_REPO="https://github.com/adoptium/jdk.git"
FULL_VERSION="25+36-LTS"
SEMANTIC_VERSION="25+36"
BUILD_INFO="OS: Windows Server 2022 Version: 10.0"
JVM_VARIANT="Hotspot"
JVM_VERSION="25+36-LTS"
IMAGE_TYPE="JDK"

Environment Variables:
PATH=C:\Program Files\Eclipse Adoptium\jdk-11.0.28.6-hotspot\bin;C:\Program Files\Eclipse Adoptium\jdk-8.0.462.8-hotspot\bin;C:\Users\kauan.souza\AppData\Local\Programs\Python\Python313\Scripts\;C:\Users\kauan.souza\AppData\Local\Programs\Python\Python313\;C:\Windows\system32;C:\Windows;C:\Windows\System32\Wbem;C:\Windows\System32\WindowsPowerShell\v1.0\;C:\Windows\System32\OpenSSH\;C:\Program Files (x86)\Microsoft SQL Server\160\DTS\Binn\;C:\Program Files\Git\cmd;C:\Program Files\Microsoft SQL Server\150\Tools\Binn\;C:\Program Files\Microsoft SQL Server\Client SDK\ODBC\170\Tools\Binn\;C:\Program Files\dotnet\;C:\Program Files\MySQL\MySQL Server 8.0\bin;C:\Program Files\Eclipse Adoptium\jdk-25.0.0.36-hotspot\bin;C:\Program Files\Apache\Maven\apache-maven-3.9.11\bin;C:\ProgramData\chocolatey\bin;C:\Program Files\nodejs\;C:\Program Files (x86)\HP\Common\HPDestPlgIn\;C:\Program Files\Amazon\AWSCLIV2\;C:\Program Files\MySQL\MySQL Shell 8.0\bin\;C:\Users\kauan.souza\AppData\Local\Microsoft\WindowsApps;C:\Users\kauan.souza\.dotnet\tools;C:\Users\kauan.souza\AppData\Local\Programs\Microsoft VS Code\bin;C:\Program Files\MySQL\MySQL Server 8.0\bin;C:\Program Files\Eclipse Adoptium\jdk-25.0.0.36-hotspot\bin;C:\Program Files\Apache\Maven\apache-maven-3.9.11\bin;C:\Users\kauan.souza\AppData\Roaming\npm;C:\Program Files\JetBrains\IntelliJ IDEA Community Edition 2024.2.3\bin;;C:\Program Files (x86)\HP\Common\HPDestPlgIn\
USERNAME=kauan.souza
OS=Windows_NT
PROCESSOR_IDENTIFIER=Intel64 Family 6 Model 158 Stepping 11, GenuineIntel
TMP=C:\Users\KAUAN~1.SOU\AppData\Local\Temp
TEMP=C:\Users\KAUAN~1.SOU\AppData\Local\Temp




Compilation memory statistics disabled.

Periodic native trim disabled

---------------  S Y S T E M  ---------------

OS:
 Windows 10 , 64 bit Build 19041 (10.0.19041.3636)
OS uptime: 0 days 1:36 hours

CPU: total 4 (initial active 4) (4 cores per cpu, 1 threads per core) family 6 model 158 stepping 11 microcode 0xb4, cx8, cmov, fxsr, mmx, 3dnowpref, sse, sse2, sse3, ssse3, sse4.1, sse4.2, popcnt, lzcnt, tsc, tscinvbit, avx, avx2, aes, erms, clmul, bmi1, bmi2, adx, fma, vzeroupper, clflush, clflushopt, rdtscp, f16c
Processor Information for the first 4 processors :
  Max Mhz: 3600, Current Mhz: 3600, Mhz Limit: 3600

Memory: 4k page, system-wide physical 12111M (2202M free)
TotalPageFile size 22853M (AvailPageFile size 10070M)
current process WorkingSet (physical memory assigned to process): 1562M, peak: 1734M
current process commit charge ("private bytes"): 1795M, peak: 1799M

vm_info: OpenJDK 64-Bit Server VM (25+36-LTS) for windows-amd64 JRE (25+36-LTS), built on 2025-09-16T00:00:00Z with unknown MS VC++:1942

END.
