#
# There is insufficient memory for the Java Runtime Environment to continue.
# Native memory allocation (malloc) failed to allocate 1048576 bytes. Error detail: AllocateHeap
# Possible reasons:
#   The system is out of physical RAM or swap space
#   This process is running with CompressedOops enabled, and the Java Heap may be blocking the growth of the native heap
# Possible solutions:
#   Reduce memory load on the system
#   Increase physical memory or swap space
#   Check if swap backing store is full
#   Decrease Java heap size (-Xmx/-Xms)
#   Decrease number of Java threads
#   Decrease Java thread stack sizes (-Xss)
#   Set larger code cache with -XX:ReservedCodeCacheSize=
#   JVM is running with Unscaled Compressed Oops mode in which the Java heap is
#     placed in the first 4GB address space. The Java Heap base address is the
#     maximum limit for the native heap growth. Please use -XX:HeapBaseMinAddress
#     to set the Java Heap base and to place the Java Heap above 4GB virtual address.
# This output file may be truncated or incomplete.
#
#  Out of Memory Error (allocation.cpp:44), pid=8144, tid=11708
#
# JRE version: OpenJDK Runtime Environment Temurin-21.0.9+10 (21.0.9+10) (build 21.0.9+10-LTS)
# Java VM: OpenJDK 64-Bit Server VM Temurin-21.0.9+10 (21.0.9+10-LTS, mixed mode, sharing, tiered, compressed oops, compressed class ptrs, parallel gc, windows-amd64)
# No core dump will be written. Minidumps are not enabled by default on client versions of Windows
#

---------------  S U M M A R Y ------------

Command Line: --add-modules=ALL-SYSTEM --add-opens=java.base/java.util=ALL-UNNAMED --add-opens=java.base/java.lang=ALL-UNNAMED --add-opens=java.base/sun.nio.fs=ALL-UNNAMED -Declipse.application=org.eclipse.jdt.ls.core.id1 -Dosgi.bundles.defaultStartLevel=4 -Declipse.product=org.eclipse.jdt.ls.core.product -Djava.import.generatesMetadataFilesAtProjectRoot=false -DDetectVMInstallationsJob.disabled=true -Dfile.encoding=utf8 -XX:+UseParallelGC -XX:GCTimeRatio=4 -XX:AdaptiveSizePolicyWeight=90 -Dsun.zip.disableMemoryMapping=true -Xmx2G -Xms100m -Xlog:disable -javaagent:c:\Users\kauan.souza\.vscode\extensions\redhat.java-1.53.2026020308-win32-x64\lombok\lombok-1.18.39-4050.jar -XX:+HeapDumpOnOutOfMemoryError -XX:HeapDumpPath=c:\Users\kauan.souza\AppData\Roaming\Code\User\workspaceStorage\592f5c22aa86c22386d8400b1c3272de\redhat.java -Daether.dependencyCollector.impl=bf -XX:+UnlockDiagnosticVMOptions -XX:+AllowArchivingWithJavaAgent -XX:+AutoCreateSharedArchive -XX:SharedArchiveFile=c:\Users\kauan.souza\AppData\Roaming\Code\User\globalStorage\redhat.java\1.53.2026020308\jdtls.jsa c:\Users\kauan.souza\.vscode\extensions\redhat.java-1.53.2026020308-win32-x64\server\plugins\org.eclipse.equinox.launcher_1.7.100.v20251111-0406.jar -configuration c:\Users\kauan.souza\AppData\Roaming\Code\User\globalStorage\redhat.java\1.53.2026020308\config_win -data c:\Users\kauan.souza\AppData\Roaming\Code\User\workspaceStorage\592f5c22aa86c22386d8400b1c3272de\redhat.java\jdt_ws --pipe=\\.\pipe\lsp-74c0ad38ac23878a0bb49cc42a818b1d-sock

Host: Intel(R) Core(TM) i3-8100 CPU @ 3.60GHz, 4 cores, 11G,  Windows 10 , 64 bit Build 19041 (10.0.19041.3636)
Time: Thu Feb  5 07:34:47 2026 Hora oficial do Brasil elapsed time: 83670.402569 seconds (0d 23h 14m 30s)

---------------  T H R E A D  ---------------

Current thread (0x0000023616795bb0):  JavaThread "Attach Listener" daemon [_thread_in_vm, id=11708, stack(0x000000cd41d00000,0x000000cd41e00000) (1024K)]

Stack: [0x000000cd41d00000,0x000000cd41e00000]
Native frames: (J=compiled Java code, j=interpreted, Vv=VM code, C=native code)
V  [jvm.dll+0x6d6e29]
V  [jvm.dll+0x8b4b76]
V  [jvm.dll+0x8b712e]
V  [jvm.dll+0x8b7813]
V  [jvm.dll+0x283d86]
V  [jvm.dll+0xc1277]
V  [jvm.dll+0x6d76d9]
V  [jvm.dll+0x133466]
V  [jvm.dll+0x3f7ea6]
V  [jvm.dll+0x85e9ad]
V  [jvm.dll+0x6d565d]
C  [ucrtbase.dll+0x21bb2]
C  [KERNEL32.DLL+0x17344]
C  [ntdll.dll+0x526b1]


---------------  P R O C E S S  ---------------

Threads class SMR info:
_java_thread_list=0x00000236617fac30, length=31, elements={
0x00000236000335e0, 0x00000236167911d0, 0x0000023616793840, 0x0000023616794550,
0x0000023616795bb0, 0x0000023616797770, 0x000002361679a1d0, 0x000002361679b1d0,
0x000002361680e3c0, 0x000002365867d390, 0x00000236587efb80, 0x000002365d697470,
0x00000236167c6140, 0x000002365d12ded0, 0x00000236587c1170, 0x00000236588412a0,
0x0000023658841fc0, 0x0000023658842650, 0x0000023658843370, 0x0000023658840c10,
0x000002365feff980, 0x000002365ff013c0, 0x000002365ff00010, 0x000002365ff006a0,
0x000002365ff02770, 0x000002365ff04ed0, 0x000002365ff01a50, 0x000002365fefec60,
0x000002365e476970, 0x000002365ec74370, 0x000002365ec75090
}

Java Threads: ( => current thread )
  0x00000236000335e0 JavaThread "main"                              [_thread_blocked, id=14904, stack(0x000000cd41600000,0x000000cd41700000) (1024K)]
  0x00000236167911d0 JavaThread "Reference Handler"          daemon [_thread_blocked, id=2416, stack(0x000000cd41a00000,0x000000cd41b00000) (1024K)]
  0x0000023616793840 JavaThread "Finalizer"                  daemon [_thread_blocked, id=6300, stack(0x000000cd41b00000,0x000000cd41c00000) (1024K)]
  0x0000023616794550 JavaThread "Signal Dispatcher"          daemon [_thread_blocked, id=12860, stack(0x000000cd41c00000,0x000000cd41d00000) (1024K)]
=>0x0000023616795bb0 JavaThread "Attach Listener"            daemon [_thread_in_vm, id=11708, stack(0x000000cd41d00000,0x000000cd41e00000) (1024K)]
  0x0000023616797770 JavaThread "Service Thread"             daemon [_thread_blocked, id=11784, stack(0x000000cd41e00000,0x000000cd41f00000) (1024K)]
  0x000002361679a1d0 JavaThread "Monitor Deflation Thread"   daemon [_thread_blocked, id=10236, stack(0x000000cd41f00000,0x000000cd42000000) (1024K)]
  0x000002361679b1d0 JavaThread "C2 CompilerThread0"         daemon [_thread_blocked, id=7108, stack(0x000000cd42000000,0x000000cd42100000) (1024K)]
  0x000002361680e3c0 JavaThread "C1 CompilerThread0"         daemon [_thread_blocked, id=10084, stack(0x000000cd42100000,0x000000cd42200000) (1024K)]
  0x000002365867d390 JavaThread "Common-Cleaner"             daemon [_thread_blocked, id=2636, stack(0x000000cd42200000,0x000000cd42300000) (1024K)]
  0x00000236587efb80 JavaThread "Notification Thread"        daemon [_thread_blocked, id=14268, stack(0x000000cd42300000,0x000000cd42400000) (1024K)]
  0x000002365d697470 JavaThread "Active Thread: Equinox Container: 1818d527-4861-451d-8cf9-a8ba43157421"        [_thread_blocked, id=14768, stack(0x000000cd42b00000,0x000000cd42c00000) (1024K)]
  0x00000236167c6140 JavaThread "Framework Event Dispatcher: Equinox Container: 1818d527-4861-451d-8cf9-a8ba43157421" daemon [_thread_blocked, id=10108, stack(0x000000cd42c00000,0x000000cd42d00000) (1024K)]
  0x000002365d12ded0 JavaThread "Start Level: Equinox Container: 1818d527-4861-451d-8cf9-a8ba43157421" daemon [_thread_blocked, id=2092, stack(0x000000cd42d00000,0x000000cd42e00000) (1024K)]
  0x00000236587c1170 JavaThread "Bundle File Closer"         daemon [_thread_blocked, id=2796, stack(0x000000cd42e00000,0x000000cd42f00000) (1024K)]
  0x00000236588412a0 JavaThread "Refresh Thread: Equinox Container: 1818d527-4861-451d-8cf9-a8ba43157421" daemon [_thread_blocked, id=15012, stack(0x000000cd42f00000,0x000000cd43000000) (1024K)]
  0x0000023658841fc0 JavaThread "SCR Component Actor"        daemon [_thread_blocked, id=8480, stack(0x000000cd43100000,0x000000cd43200000) (1024K)]
  0x0000023658842650 JavaThread "Worker-JM"                         [_thread_blocked, id=12080, stack(0x000000cd43200000,0x000000cd43300000) (1024K)]
  0x0000023658843370 JavaThread "JNA Cleaner"                daemon [_thread_blocked, id=7320, stack(0x000000cd43300000,0x000000cd43400000) (1024K)]
  0x0000023658840c10 JavaThread "Java indexing"              daemon [_thread_blocked, id=9964, stack(0x000000cd42800000,0x000000cd42900000) (1024K)]
  0x000002365feff980 JavaThread "Thread-1"                   daemon [_thread_in_native, id=9972, stack(0x000000cd43800000,0x000000cd43900000) (1024K)]
  0x000002365ff013c0 JavaThread "Thread-2"                   daemon [_thread_in_native, id=12576, stack(0x000000cd43900000,0x000000cd43a00000) (1024K)]
  0x000002365ff00010 JavaThread "Thread-3"                   daemon [_thread_in_native, id=4052, stack(0x000000cd43a00000,0x000000cd43b00000) (1024K)]
  0x000002365ff006a0 JavaThread "Thread-4"                   daemon [_thread_in_native, id=10712, stack(0x000000cd43b00000,0x000000cd43c00000) (1024K)]
  0x000002365ff02770 JavaThread "Thread-5"                   daemon [_thread_in_native, id=7920, stack(0x000000cd43c00000,0x000000cd43d00000) (1024K)]
  0x000002365ff04ed0 JavaThread "pool-2-thread-1"                   [_thread_blocked, id=7664, stack(0x000000cd43d00000,0x000000cd43e00000) (1024K)]
  0x000002365ff01a50 JavaThread "WorkspaceEventsHandler"            [_thread_blocked, id=7584, stack(0x000000cd43e00000,0x000000cd43f00000) (1024K)]
  0x000002365fefec60 JavaThread "pool-1-thread-1"                   [_thread_blocked, id=1980, stack(0x000000cd43f00000,0x000000cd44000000) (1024K)]
  0x000002365e476970 JavaThread "Cleaner-0"                  daemon [_thread_blocked, id=8964, stack(0x000000cd44d00000,0x000000cd44e00000) (1024K)]
  0x000002365ec74370 JavaThread "Worker-8"                          [_thread_blocked, id=14736, stack(0x000000cd42a00000,0x000000cd42b00000) (1024K)]
  0x000002365ec75090 JavaThread "Worker-9"                          [_thread_blocked, id=14868, stack(0x000000cd43000000,0x000000cd43100000) (1024K)]
Total: 31

Other Threads:
  0x000002361677f8c0 VMThread "VM Thread"                           [id=8088, stack(0x000000cd41900000,0x000000cd41a00000) (1024K)]
  0x000002361671be40 WatcherThread "VM Periodic Task Thread"        [id=2960, stack(0x000000cd41800000,0x000000cd41900000) (1024K)]
  0x00000236000508f0 WorkerThread "GC Thread#0"                     [id=2124, stack(0x000000cd41700000,0x000000cd41800000) (1024K)]
  0x000002365d2412e0 WorkerThread "GC Thread#1"                     [id=12148, stack(0x000000cd42500000,0x000000cd42600000) (1024K)]
  0x000002365d215f90 WorkerThread "GC Thread#2"                     [id=7432, stack(0x000000cd42600000,0x000000cd42700000) (1024K)]
  0x000002365d241680 WorkerThread "GC Thread#3"                     [id=2248, stack(0x000000cd42700000,0x000000cd42800000) (1024K)]
Total: 6

Threads with active compile tasks:
Total: 0

VM state: not at safepoint (normal execution)

VM Mutex/Monitor currently owned by a thread: None

Heap address: 0x0000000080000000, size: 2048 MB, Compressed Oops mode: 32-bit

CDS archive(s) mapped at: [0x0000023617000000-0x0000023617ba0000-0x0000023617ba0000), size 12189696, SharedBaseAddress: 0x0000023617000000, ArchiveRelocationMode: 1.
Compressed class space mapped at: 0x0000023618000000-0x0000023658000000, reserved size: 1073741824
Narrow klass base: 0x0000023617000000, Narrow klass shift: 0, Narrow klass range: 0x100000000

GC Precious Log:
 CardTable entry size: 512
 CPUs: 4 total, 4 available
 Memory: 12111M
 Large Page Support: Disabled
 NUMA Support: Disabled
 Compressed Oops: Enabled (32-bit)
 Alignments: Space 512K, Generation 512K, Heap 2M
 Heap Min Capacity: 100M
 Heap Initial Capacity: 100M
 Heap Max Capacity: 2G
 Pre-touch: Disabled
 Parallel Workers: 4

Heap:
 PSYoungGen      total 19456K, used 14969K [0x00000000d5580000, 0x00000000d6c80000, 0x0000000100000000)
  eden space 18944K, 77% used [0x00000000d5580000,0x00000000d63e6710,0x00000000d6800000)
  from space 512K, 43% used [0x00000000d6c00000,0x00000000d6c38000,0x00000000d6c80000)
  to   space 512K, 0% used [0x00000000d6b80000,0x00000000d6b80000,0x00000000d6c00000)
 ParOldGen       total 1018880K, used 438204K [0x0000000080000000, 0x00000000be300000, 0x00000000d5580000)
  object space 1018880K, 43% used [0x0000000080000000,0x000000009abef110,0x00000000be300000)
 Metaspace       used 108670K, committed 110656K, reserved 1179648K
  class space    used 9957K, committed 10880K, reserved 1048576K

Card table byte_map: [0x000002367f910000,0x000002367fd20000] _byte_map_base: 0x000002367f510000

Marking Bits: (ParMarkBitMap*) 0x00007ff8d0ca2460
 Begin Bits: [0x0000023612240000, 0x0000023614240000)
 End Bits:   [0x0000023614240000, 0x0000023616240000)

Polling page: 0x000002367df50000

Metaspace:

Usage:
  Non-class:     96.40 MB used.
      Class:      9.72 MB used.
       Both:    106.12 MB used.

Virtual space:
  Non-class space:      128.00 MB reserved,      97.44 MB ( 76%) committed,  2 nodes.
      Class space:        1.00 GB reserved,      10.62 MB (  1%) committed,  1 nodes.
             Both:        1.12 GB reserved,     108.06 MB (  9%) committed. 

Chunk freelists:
   Non-Class:  14.45 MB
       Class:  5.50 MB
        Both:  19.95 MB

MaxMetaspaceSize: unlimited
CompressedClassSpaceSize: 1.00 GB
Initial GC threshold: 21.00 MB
Current GC threshold: 179.50 MB
CDS: on
 - commit_granule_bytes: 65536.
 - commit_granule_words: 8192.
 - virtual_space_node_default_size: 8388608.
 - enlarge_chunks_in_place: 1.
 - use_allocation_guard: 0.


Internal statistics:

num_allocs_failed_limit: 9.
num_arena_births: 1990.
num_arena_deaths: 454.
num_vsnodes_births: 3.
num_vsnodes_deaths: 0.
num_space_committed: 1729.
num_space_uncommitted: 0.
num_chunks_returned_to_freelist: 552.
num_chunks_taken_from_freelist: 7288.
num_chunk_merges: 157.
num_chunk_splits: 4400.
num_chunks_enlarged: 2470.
num_inconsistent_stats: 0.

CodeHeap 'non-profiled nmethods': size=120000Kb used=24301Kb max_used=26485Kb free=95698Kb
 bounds [0x000002360ad10000, 0x000002360c6f0000, 0x0000023612240000]
CodeHeap 'profiled nmethods': size=120000Kb used=49721Kb max_used=57923Kb free=70278Kb
 bounds [0x0000023603240000, 0x0000023606ae0000, 0x000002360a770000]
CodeHeap 'non-nmethods': size=5760Kb used=1542Kb max_used=1634Kb free=4217Kb
 bounds [0x000002360a770000, 0x000002360a9e0000, 0x000002360ad10000]
CodeCache: size=245760Kb, used=75564Kb, max_used=86042Kb, free=170193Kb
 total_blobs=21748, nmethods=20885, adapters=763, full_count=0
Compilation: enabled, stopped_count=0, restarted_count=0

Compilation events (20 events):
Event: 47191.184 Thread 0x000002361679b1d0 28033       4       java.util.concurrent.locks.AbstractQueuedSynchronizer$ConditionObject::enableWait (84 bytes)
Event: 47191.376 Thread 0x000002361679b1d0 nmethod 28033 0x000002360bcb8690 code [0x000002360bcb8860, 0x000002360bcb8b78]
Event: 53821.735 Thread 0x000002361679b1d0 28034       4       org.eclipse.jdt.ls.core.internal.ParentProcessWatcher::run (83 bytes)
Event: 53821.935 Thread 0x000002361679b1d0 nmethod 28034 0x000002360bdbc390 code [0x000002360bdbc540, 0x000002360bdbc720]
Event: 55277.651 Thread 0x000002361679b1d0 28035   !   4       org.eclipse.core.internal.jobs.JobManager::nextJob (291 bytes)
Event: 55277.946 Thread 0x000002361679b1d0 nmethod 28035 0x000002360bbe6a10 code [0x000002360bbe6c20, 0x000002360bbe7448]
Event: 55337.636 Thread 0x000002361679b1d0 28036       4       org.eclipse.core.internal.jobs.JobManager::startJob (89 bytes)
Event: 55337.796 Thread 0x000002361679b1d0 nmethod 28036 0x000002360bf1ed10 code [0x000002360bf1efe0, 0x000002360bf1fc20]
Event: 55517.672 Thread 0x000002361679b1d0 28037   !   4       org.eclipse.core.internal.jobs.JobManager::sleepHint (67 bytes)
Event: 55517.697 Thread 0x000002361679b1d0 nmethod 28037 0x000002360ae99610 code [0x000002360ae997c0, 0x000002360ae99d68]
Event: 68166.877 Thread 0x000002361679b1d0 28038       4       java.lang.ClassLoader::getPlatformClassLoader (21 bytes)
Event: 68167.033 Thread 0x000002361679b1d0 nmethod 28038 0x000002360bdbbe10 code [0x000002360bdbbfa0, 0x000002360bdbc010]
Event: 74678.578 Thread 0x000002361679b1d0 28039       4       java.util.concurrent.locks.AbstractQueuedSynchronizer$ConditionObject::await (202 bytes)
Event: 74678.847 Thread 0x000002361679b1d0 nmethod 28039 0x000002360b785a10 code [0x000002360b785ce0, 0x000002360b786b08]
Event: 77902.492 Thread 0x000002361679b1d0 28040   !   4       java.lang.ref.ReferenceQueue::remove (61 bytes)
Event: 77902.728 Thread 0x000002361679b1d0 nmethod 28040 0x000002360c090710 code [0x000002360c090940, 0x000002360c091020]
Event: 77902.729 Thread 0x000002361679b1d0 28041       4       java.lang.ref.ReferenceQueue::remove0 (64 bytes)
Event: 77902.733 Thread 0x000002361679b1d0 nmethod 28041 0x000002360af10e90 code [0x000002360af11060, 0x000002360af113c8]
Event: 78198.438 Thread 0x000002361679b1d0 28042  s!   4       org.eclipse.core.internal.jobs.WorkerPool::sleep (124 bytes)
Event: 78198.551 Thread 0x000002361679b1d0 nmethod 28042 0x000002360be59b90 code [0x000002360be59d80, 0x000002360be5a248]

GC Heap History (20 events):
Event: 38241.059 GC heap before
{Heap before GC invocations=2363 (full 6):
 PSYoungGen      total 19456K, used 19444K [0x00000000d5580000, 0x00000000d7280000, 0x0000000100000000)
  eden space 18944K, 100% used [0x00000000d5580000,0x00000000d6800000,0x00000000d6800000)
  from space 512K, 97% used [0x00000000d7200000,0x00000000d727d200,0x00000000d7280000)
  to   space 3584K, 0% used [0x00000000d6b80000,0x00000000d6b80000,0x00000000d6f00000)
 ParOldGen       total 1018880K, used 425234K [0x0000000080000000, 0x00000000be300000, 0x00000000d5580000)
  object space 1018880K, 41% used [0x0000000080000000,0x0000000099f44830,0x00000000be300000)
 Metaspace       used 108422K, committed 110464K, reserved 1179648K
  class space    used 9957K, committed 10880K, reserved 1048576K
}
Event: 38241.062 GC heap after
{Heap after GC invocations=2363 (full 6):
 PSYoungGen      total 22528K, used 128K [0x00000000d5580000, 0x00000000d7280000, 0x0000000100000000)
  eden space 18944K, 0% used [0x00000000d5580000,0x00000000d5580000,0x00000000d6800000)
  from space 3584K, 3% used [0x00000000d6b80000,0x00000000d6ba0000,0x00000000d6f00000)
  to   space 1536K, 0% used [0x00000000d7100000,0x00000000d7100000,0x00000000d7280000)
 ParOldGen       total 1018880K, used 425734K [0x0000000080000000, 0x00000000be300000, 0x00000000d5580000)
  object space 1018880K, 41% used [0x0000000080000000,0x0000000099fc1a60,0x00000000be300000)
 Metaspace       used 108422K, committed 110464K, reserved 1179648K
  class space    used 9957K, committed 10880K, reserved 1048576K
}
Event: 38241.354 GC heap before
{Heap before GC invocations=2364 (full 6):
 PSYoungGen      total 22528K, used 19072K [0x00000000d5580000, 0x00000000d7280000, 0x0000000100000000)
  eden space 18944K, 100% used [0x00000000d5580000,0x00000000d6800000,0x00000000d6800000)
  from space 3584K, 3% used [0x00000000d6b80000,0x00000000d6ba0000,0x00000000d6f00000)
  to   space 1536K, 0% used [0x00000000d7100000,0x00000000d7100000,0x00000000d7280000)
 ParOldGen       total 1018880K, used 425734K [0x0000000080000000, 0x00000000be300000, 0x00000000d5580000)
  object space 1018880K, 41% used [0x0000000080000000,0x0000000099fc1a60,0x00000000be300000)
 Metaspace       used 108422K, committed 110464K, reserved 1179648K
  class space    used 9957K, committed 10880K, reserved 1048576K
}
Event: 38241.381 GC heap after
{Heap after GC invocations=2364 (full 6):
 PSYoungGen      total 20480K, used 1531K [0x00000000d5580000, 0x00000000d7a00000, 0x0000000100000000)
  eden space 18944K, 0% used [0x00000000d5580000,0x00000000d5580000,0x00000000d6800000)
  from space 1536K, 99% used [0x00000000d7100000,0x00000000d727ec40,0x00000000d7280000)
  to   space 9216K, 0% used [0x00000000d6800000,0x00000000d6800000,0x00000000d7100000)
 ParOldGen       total 1018880K, used 431907K [0x0000000080000000, 0x00000000be300000, 0x00000000d5580000)
  object space 1018880K, 42% used [0x0000000080000000,0x000000009a5c8c60,0x00000000be300000)
 Metaspace       used 108422K, committed 110464K, reserved 1179648K
  class space    used 9957K, committed 10880K, reserved 1048576K
}
Event: 38241.489 GC heap before
{Heap before GC invocations=2365 (full 6):
 PSYoungGen      total 20480K, used 20475K [0x00000000d5580000, 0x00000000d7a00000, 0x0000000100000000)
  eden space 18944K, 100% used [0x00000000d5580000,0x00000000d6800000,0x00000000d6800000)
  from space 1536K, 99% used [0x00000000d7100000,0x00000000d727ec40,0x00000000d7280000)
  to   space 9216K, 0% used [0x00000000d6800000,0x00000000d6800000,0x00000000d7100000)
 ParOldGen       total 1018880K, used 431907K [0x0000000080000000, 0x00000000be300000, 0x00000000d5580000)
  object space 1018880K, 42% used [0x0000000080000000,0x000000009a5c8c60,0x00000000be300000)
 Metaspace       used 108432K, committed 110464K, reserved 1179648K
  class space    used 9957K, committed 10880K, reserved 1048576K
}
Event: 38241.499 GC heap after
{Heap after GC invocations=2365 (full 6):
 PSYoungGen      total 22528K, used 3108K [0x00000000d5580000, 0x00000000d7200000, 0x0000000100000000)
  eden space 18944K, 0% used [0x00000000d5580000,0x00000000d5580000,0x00000000d6800000)
  from space 3584K, 86% used [0x00000000d6800000,0x00000000d6b09210,0x00000000d6b80000)
  to   space 5120K, 0% used [0x00000000d6d00000,0x00000000d6d00000,0x00000000d7200000)
 ParOldGen       total 1018880K, used 433454K [0x0000000080000000, 0x00000000be300000, 0x00000000d5580000)
  object space 1018880K, 42% used [0x0000000080000000,0x000000009a74b8b0,0x00000000be300000)
 Metaspace       used 108432K, committed 110464K, reserved 1179648K
  class space    used 9957K, committed 10880K, reserved 1048576K
}
Event: 38243.120 GC heap before
{Heap before GC invocations=2366 (full 6):
 PSYoungGen      total 22528K, used 22052K [0x00000000d5580000, 0x00000000d7200000, 0x0000000100000000)
  eden space 18944K, 100% used [0x00000000d5580000,0x00000000d6800000,0x00000000d6800000)
  from space 3584K, 86% used [0x00000000d6800000,0x00000000d6b09210,0x00000000d6b80000)
  to   space 5120K, 0% used [0x00000000d6d00000,0x00000000d6d00000,0x00000000d7200000)
 ParOldGen       total 1018880K, used 433454K [0x0000000080000000, 0x00000000be300000, 0x00000000d5580000)
  object space 1018880K, 42% used [0x0000000080000000,0x000000009a74b8b0,0x00000000be300000)
 Metaspace       used 108443K, committed 110464K, reserved 1179648K
  class space    used 9957K, committed 10880K, reserved 1048576K
}
Event: 38243.133 GC heap after
{Heap after GC invocations=2366 (full 6):
 PSYoungGen      total 20480K, used 1049K [0x00000000d5580000, 0x00000000d6e80000, 0x0000000100000000)
  eden space 18944K, 0% used [0x00000000d5580000,0x00000000d5580000,0x00000000d6800000)
  from space 1536K, 68% used [0x00000000d6d00000,0x00000000d6e06410,0x00000000d6e80000)
  to   space 2560K, 0% used [0x00000000d6980000,0x00000000d6980000,0x00000000d6c00000)
 ParOldGen       total 1018880K, used 436066K [0x0000000080000000, 0x00000000be300000, 0x00000000d5580000)
  object space 1018880K, 42% used [0x0000000080000000,0x000000009a9d8ab0,0x00000000be300000)
 Metaspace       used 108443K, committed 110464K, reserved 1179648K
  class space    used 9957K, committed 10880K, reserved 1048576K
}
Event: 38257.700 GC heap before
{Heap before GC invocations=2367 (full 6):
 PSYoungGen      total 20480K, used 19993K [0x00000000d5580000, 0x00000000d6e80000, 0x0000000100000000)
  eden space 18944K, 100% used [0x00000000d5580000,0x00000000d6800000,0x00000000d6800000)
  from space 1536K, 68% used [0x00000000d6d00000,0x00000000d6e06410,0x00000000d6e80000)
  to   space 2560K, 0% used [0x00000000d6980000,0x00000000d6980000,0x00000000d6c00000)
 ParOldGen       total 1018880K, used 436066K [0x0000000080000000, 0x00000000be300000, 0x00000000d5580000)
  object space 1018880K, 42% used [0x0000000080000000,0x000000009a9d8ab0,0x00000000be300000)
 Metaspace       used 108447K, committed 110464K, reserved 1179648K
  class space    used 9957K, committed 10880K, reserved 1048576K
}
Event: 38257.708 GC heap after
{Heap after GC invocations=2367 (full 6):
 PSYoungGen      total 21504K, used 1187K [0x00000000d5580000, 0x00000000d6d80000, 0x0000000100000000)
  eden space 18944K, 0% used [0x00000000d5580000,0x00000000d5580000,0x00000000d6800000)
  from space 2560K, 46% used [0x00000000d6980000,0x00000000d6aa8d20,0x00000000d6c00000)
  to   space 1536K, 0% used [0x00000000d6c00000,0x00000000d6c00000,0x00000000d6d80000)
 ParOldGen       total 1018880K, used 437011K [0x0000000080000000, 0x00000000be300000, 0x00000000d5580000)
  object space 1018880K, 42% used [0x0000000080000000,0x000000009aac4cf0,0x00000000be300000)
 Metaspace       used 108447K, committed 110464K, reserved 1179648K
  class space    used 9957K, committed 10880K, reserved 1048576K
}
Event: 38257.766 GC heap before
{Heap before GC invocations=2368 (full 6):
 PSYoungGen      total 21504K, used 20131K [0x00000000d5580000, 0x00000000d6d80000, 0x0000000100000000)
  eden space 18944K, 100% used [0x00000000d5580000,0x00000000d6800000,0x00000000d6800000)
  from space 2560K, 46% used [0x00000000d6980000,0x00000000d6aa8d20,0x00000000d6c00000)
  to   space 1536K, 0% used [0x00000000d6c00000,0x00000000d6c00000,0x00000000d6d80000)
 ParOldGen       total 1018880K, used 437011K [0x0000000080000000, 0x00000000be300000, 0x00000000d5580000)
  object space 1018880K, 42% used [0x0000000080000000,0x000000009aac4cf0,0x00000000be300000)
 Metaspace       used 108447K, committed 110464K, reserved 1179648K
  class space    used 9957K, committed 10880K, reserved 1048576K
}
Event: 38257.774 GC heap after
{Heap after GC invocations=2368 (full 6):
 PSYoungGen      total 19456K, used 484K [0x00000000d5580000, 0x00000000d6c80000, 0x0000000100000000)
  eden space 18944K, 0% used [0x00000000d5580000,0x00000000d5580000,0x00000000d6800000)
  from space 512K, 94% used [0x00000000d6c00000,0x00000000d6c79210,0x00000000d6c80000)
  to   space 1024K, 0% used [0x00000000d6a80000,0x00000000d6a80000,0x00000000d6b80000)
 ParOldGen       total 1018880K, used 438076K [0x0000000080000000, 0x00000000be300000, 0x00000000d5580000)
  object space 1018880K, 42% used [0x0000000080000000,0x000000009abcf110,0x00000000be300000)
 Metaspace       used 108447K, committed 110464K, reserved 1179648K
  class space    used 9957K, committed 10880K, reserved 1048576K
}
Event: 38519.118 GC heap before
{Heap before GC invocations=2369 (full 6):
 PSYoungGen      total 19456K, used 19428K [0x00000000d5580000, 0x00000000d6c80000, 0x0000000100000000)
  eden space 18944K, 100% used [0x00000000d5580000,0x00000000d6800000,0x00000000d6800000)
  from space 512K, 94% used [0x00000000d6c00000,0x00000000d6c79210,0x00000000d6c80000)
  to   space 1024K, 0% used [0x00000000d6a80000,0x00000000d6a80000,0x00000000d6b80000)
 ParOldGen       total 1018880K, used 438076K [0x0000000080000000, 0x00000000be300000, 0x00000000d5580000)
  object space 1018880K, 42% used [0x0000000080000000,0x000000009abcf110,0x00000000be300000)
 Metaspace       used 108472K, committed 110464K, reserved 1179648K
  class space    used 9957K, committed 10880K, reserved 1048576K
}
Event: 38519.120 GC heap after
{Heap after GC invocations=2369 (full 6):
 PSYoungGen      total 19968K, used 160K [0x00000000d5580000, 0x00000000d6c80000, 0x0000000100000000)
  eden space 18944K, 0% used [0x00000000d5580000,0x00000000d5580000,0x00000000d6800000)
  from space 1024K, 15% used [0x00000000d6a80000,0x00000000d6aa8000,0x00000000d6b80000)
  to   space 512K, 0% used [0x00000000d6c00000,0x00000000d6c00000,0x00000000d6c80000)
 ParOldGen       total 1018880K, used 438108K [0x0000000080000000, 0x00000000be300000, 0x00000000d5580000)
  object space 1018880K, 42% used [0x0000000080000000,0x000000009abd7110,0x00000000be300000)
 Metaspace       used 108472K, committed 110464K, reserved 1179648K
  class space    used 9957K, committed 10880K, reserved 1048576K
}
Event: 38600.734 GC heap before
{Heap before GC invocations=2370 (full 6):
 PSYoungGen      total 19968K, used 19104K [0x00000000d5580000, 0x00000000d6c80000, 0x0000000100000000)
  eden space 18944K, 100% used [0x00000000d5580000,0x00000000d6800000,0x00000000d6800000)
  from space 1024K, 15% used [0x00000000d6a80000,0x00000000d6aa8000,0x00000000d6b80000)
  to   space 512K, 0% used [0x00000000d6c00000,0x00000000d6c00000,0x00000000d6c80000)
 ParOldGen       total 1018880K, used 438108K [0x0000000080000000, 0x00000000be300000, 0x00000000d5580000)
  object space 1018880K, 42% used [0x0000000080000000,0x000000009abd7110,0x00000000be300000)
 Metaspace       used 108526K, committed 110592K, reserved 1179648K
  class space    used 9957K, committed 10880K, reserved 1048576K
}
Event: 38600.735 GC heap after
{Heap after GC invocations=2370 (full 6):
 PSYoungGen      total 19456K, used 256K [0x00000000d5580000, 0x00000000d6c80000, 0x0000000100000000)
  eden space 18944K, 0% used [0x00000000d5580000,0x00000000d5580000,0x00000000d6800000)
  from space 512K, 50% used [0x00000000d6c00000,0x00000000d6c40000,0x00000000d6c80000)
  to   space 512K, 0% used [0x00000000d6b80000,0x00000000d6b80000,0x00000000d6c00000)
 ParOldGen       total 1018880K, used 438140K [0x0000000080000000, 0x00000000be300000, 0x00000000d5580000)
  object space 1018880K, 43% used [0x0000000080000000,0x000000009abdf110,0x00000000be300000)
 Metaspace       used 108526K, committed 110592K, reserved 1179648K
  class space    used 9957K, committed 10880K, reserved 1048576K
}
Event: 39148.453 GC heap before
{Heap before GC invocations=2371 (full 6):
 PSYoungGen      total 19456K, used 19200K [0x00000000d5580000, 0x00000000d6c80000, 0x0000000100000000)
  eden space 18944K, 100% used [0x00000000d5580000,0x00000000d6800000,0x00000000d6800000)
  from space 512K, 50% used [0x00000000d6c00000,0x00000000d6c40000,0x00000000d6c80000)
  to   space 512K, 0% used [0x00000000d6b80000,0x00000000d6b80000,0x00000000d6c00000)
 ParOldGen       total 1018880K, used 438140K [0x0000000080000000, 0x00000000be300000, 0x00000000d5580000)
  object space 1018880K, 43% used [0x0000000080000000,0x000000009abdf110,0x00000000be300000)
 Metaspace       used 108615K, committed 110592K, reserved 1179648K
  class space    used 9957K, committed 10880K, reserved 1048576K
}
Event: 39148.454 GC heap after
{Heap after GC invocations=2371 (full 6):
 PSYoungGen      total 19456K, used 368K [0x00000000d5580000, 0x00000000d6c80000, 0x0000000100000000)
  eden space 18944K, 0% used [0x00000000d5580000,0x00000000d5580000,0x00000000d6800000)
  from space 512K, 71% used [0x00000000d6b80000,0x00000000d6bdc010,0x00000000d6c00000)
  to   space 512K, 0% used [0x00000000d6c00000,0x00000000d6c00000,0x00000000d6c80000)
 ParOldGen       total 1018880K, used 438172K [0x0000000080000000, 0x00000000be300000, 0x00000000d5580000)
  object space 1018880K, 43% used [0x0000000080000000,0x000000009abe7110,0x00000000be300000)
 Metaspace       used 108615K, committed 110592K, reserved 1179648K
  class space    used 9957K, committed 10880K, reserved 1048576K
}
Event: 39203.013 GC heap before
{Heap before GC invocations=2372 (full 6):
 PSYoungGen      total 19456K, used 19312K [0x00000000d5580000, 0x00000000d6c80000, 0x0000000100000000)
  eden space 18944K, 100% used [0x00000000d5580000,0x00000000d6800000,0x00000000d6800000)
  from space 512K, 71% used [0x00000000d6b80000,0x00000000d6bdc010,0x00000000d6c00000)
  to   space 512K, 0% used [0x00000000d6c00000,0x00000000d6c00000,0x00000000d6c80000)
 ParOldGen       total 1018880K, used 438172K [0x0000000080000000, 0x00000000be300000, 0x00000000d5580000)
  object space 1018880K, 43% used [0x0000000080000000,0x000000009abe7110,0x00000000be300000)
 Metaspace       used 108645K, committed 110656K, reserved 1179648K
  class space    used 9957K, committed 10880K, reserved 1048576K
}
Event: 39203.014 GC heap after
{Heap after GC invocations=2372 (full 6):
 PSYoungGen      total 19456K, used 224K [0x00000000d5580000, 0x00000000d6c80000, 0x0000000100000000)
  eden space 18944K, 0% used [0x00000000d5580000,0x00000000d5580000,0x00000000d6800000)
  from space 512K, 43% used [0x00000000d6c00000,0x00000000d6c38000,0x00000000d6c80000)
  to   space 512K, 0% used [0x00000000d6b80000,0x00000000d6b80000,0x00000000d6c00000)
 ParOldGen       total 1018880K, used 438204K [0x0000000080000000, 0x00000000be300000, 0x00000000d5580000)
  object space 1018880K, 43% used [0x0000000080000000,0x000000009abef110,0x00000000be300000)
 Metaspace       used 108645K, committed 110656K, reserved 1179648K
  class space    used 9957K, committed 10880K, reserved 1048576K
}

Dll operation events (12 events):
Event: 0.016 Loaded shared library c:\Users\kauan.souza\.vscode\extensions\redhat.java-1.53.2026020308-win32-x64\jre\21.0.9-win32-x86_64\bin\java.dll
Event: 0.077 Loaded shared library c:\Users\kauan.souza\.vscode\extensions\redhat.java-1.53.2026020308-win32-x64\jre\21.0.9-win32-x86_64\bin\zip.dll
Event: 0.237 Loaded shared library C:\Users\kauan.souza\.vscode\extensions\redhat.java-1.53.2026020308-win32-x64\jre\21.0.9-win32-x86_64\bin\instrument.dll
Event: 0.248 Loaded shared library C:\Users\kauan.souza\.vscode\extensions\redhat.java-1.53.2026020308-win32-x64\jre\21.0.9-win32-x86_64\bin\net.dll
Event: 0.253 Loaded shared library C:\Users\kauan.souza\.vscode\extensions\redhat.java-1.53.2026020308-win32-x64\jre\21.0.9-win32-x86_64\bin\nio.dll
Event: 0.261 Loaded shared library C:\Users\kauan.souza\.vscode\extensions\redhat.java-1.53.2026020308-win32-x64\jre\21.0.9-win32-x86_64\bin\zip.dll
Event: 0.290 Loaded shared library C:\Users\kauan.souza\.vscode\extensions\redhat.java-1.53.2026020308-win32-x64\jre\21.0.9-win32-x86_64\bin\jimage.dll
Event: 0.415 Loaded shared library c:\Users\kauan.souza\.vscode\extensions\redhat.java-1.53.2026020308-win32-x64\jre\21.0.9-win32-x86_64\bin\verify.dll
Event: 6.591 Loaded shared library C:\Users\kauan.souza\AppData\Roaming\Code\User\globalStorage\redhat.java\1.53.2026020308\config_win\org.eclipse.equinox.launcher\org.eclipse.equinox.launcher.win32.win32.x86_64_1.2.1500.v20260121-1430\eclipse_11919.dll
Event: 15.298 Loaded shared library C:\Users\kauan.souza\AppData\Local\Temp\jna--84378530\jna11189538302222616773.dll
Event: 18.413 Loaded shared library C:\Users\kauan.souza\.vscode\extensions\redhat.java-1.53.2026020308-win32-x64\jre\21.0.9-win32-x86_64\bin\sunmscapi.dll
Event: 18.594 Loaded shared library C:\Users\kauan.souza\.vscode\extensions\redhat.java-1.53.2026020308-win32-x64\jre\21.0.9-win32-x86_64\bin\extnet.dll

Deoptimization events (20 events):
Event: 38236.590 Thread 0x000002365ec75090 Uncommon trap: trap_request=0xffffffd6 fr.pc=0x000002360ad56d28 relative=0x0000000000001708
Event: 38236.590 Thread 0x000002365ec75090 Uncommon trap: reason=array_check action=maybe_recompile pc=0x000002360ad56d28 method=java.util.TimSort.mergeLo(IIII)V @ 590 c2
Event: 38236.590 Thread 0x000002365ec75090 DEOPT PACKING pc=0x000002360ad56d28 sp=0x000000cd430fdec0
Event: 38236.590 Thread 0x000002365ec75090 DEOPT UNPACKING pc=0x000002360a7c3aa2 sp=0x000000cd430fdea0 mode 2
Event: 38257.733 Thread 0x0000023660f5f620 DEOPT PACKING pc=0x000002360575b11c sp=0x000000cd414fe330
Event: 38257.733 Thread 0x0000023660f5f620 DEOPT UNPACKING pc=0x000002360a7c4242 sp=0x000000cd414fd768 mode 0
Event: 38385.504 Thread 0x000002365ec75090 Uncommon trap: trap_request=0xffffff45 fr.pc=0x000002360b83e4e4 relative=0x0000000000001e84
Event: 38385.504 Thread 0x000002365ec75090 Uncommon trap: reason=unstable_if action=reinterpret pc=0x000002360b83e4e4 method=org.eclipse.core.internal.dtree.AbstractDataTreeNode.assembleWith([Lorg/eclipse/core/internal/dtree/AbstractDataTreeNode;[Lorg/eclipse/core/internal/dtree/AbstractDataTreeNo
Event: 38385.504 Thread 0x000002365ec75090 DEOPT PACKING pc=0x000002360b83e4e4 sp=0x000000cd430fec30
Event: 38385.504 Thread 0x000002365ec75090 DEOPT UNPACKING pc=0x000002360a7c3aa2 sp=0x000000cd430febf0 mode 2
Event: 38519.167 Thread 0x000002365ec75090 Uncommon trap: trap_request=0xffffffcc fr.pc=0x000002360bd53f5c relative=0x000000000000019c
Event: 38519.167 Thread 0x000002365ec75090 Uncommon trap: reason=intrinsic_or_type_checked_inlining action=make_not_entrant pc=0x000002360bd53f5c method=org.eclipse.core.internal.resources.WorkspaceRoot.getProjects(I)[Lorg/eclipse/core/resources/IProject; @ 8 c2
Event: 38519.167 Thread 0x000002365ec75090 DEOPT PACKING pc=0x000002360bd53f5c sp=0x000000cd430fdb70
Event: 38519.167 Thread 0x000002365ec75090 DEOPT UNPACKING pc=0x000002360a7c3aa2 sp=0x000000cd430fdae8 mode 2
Event: 38600.785 Thread 0x000002365ec75090 DEOPT PACKING pc=0x00000236032cc39d sp=0x000000cd430fe310
Event: 38600.785 Thread 0x000002365ec75090 DEOPT UNPACKING pc=0x000002360a7c4242 sp=0x000000cd430fd7c0 mode 0
Event: 39330.248 Thread 0x000002365ff04ed0 Uncommon trap: trap_request=0xffffffd6 fr.pc=0x000002360b715860 relative=0x0000000000000320
Event: 39330.250 Thread 0x000002365ff04ed0 Uncommon trap: reason=array_check action=maybe_recompile pc=0x000002360b715860 method=java.util.concurrent.ScheduledThreadPoolExecutor$DelayedWorkQueue.offer(Ljava/lang/Runnable;)Z @ 65 c2
Event: 39330.250 Thread 0x000002365ff04ed0 DEOPT PACKING pc=0x000002360b715860 sp=0x000000cd43dff530
Event: 39330.250 Thread 0x000002365ff04ed0 DEOPT UNPACKING pc=0x000002360a7c3aa2 sp=0x000000cd43dff3d0 mode 2

Classes loaded (20 events):
Event: 37849.584 Loading class java/util/stream/ReduceOps$5ReducingSink
Event: 37849.584 Loading class java/util/stream/ReduceOps$5ReducingSink done
Event: 37849.724 Loading class sun/security/ssl/NewSessionTicket$T13NewSessionTicketMessage
Event: 37849.725 Loading class sun/security/ssl/NewSessionTicket$T13NewSessionTicketMessage done
Event: 37849.760 Loading class java/util/stream/FindOps$FindSink$OfLong
Event: 37849.761 Loading class java/util/stream/FindOps$FindSink$OfLong done
Event: 37849.761 Loading class java/util/OptionalLong
Event: 37849.761 Loading class java/util/OptionalLong done
Event: 37849.769 Loading class java/nio/HeapByteBufferR
Event: 37849.770 Loading class java/nio/HeapByteBufferR done
Event: 37927.996 Loading class java/util/LinkedList$LLSpliterator
Event: 37927.997 Loading class java/util/LinkedList$LLSpliterator done
Event: 38013.328 Loading class jdk/internal/module/IllegalAccessLogger
Event: 38013.328 Loading class jdk/internal/module/IllegalAccessLogger done
Event: 38019.983 Loading class jdk/internal/module/IllegalAccessLogger
Event: 38019.983 Loading class jdk/internal/module/IllegalAccessLogger done
Event: 38050.966 Loading class jdk/internal/module/IllegalAccessLogger
Event: 38050.966 Loading class jdk/internal/module/IllegalAccessLogger done
Event: 38119.120 Loading class jdk/internal/module/IllegalAccessLogger
Event: 38119.120 Loading class jdk/internal/module/IllegalAccessLogger done

Classes unloaded (20 events):
Event: 37996.344 Thread 0x000002361677f8c0 Unloading class 0x0000023618017400 'java/lang/invoke/LambdaForm$MH+0x0000023618017400'
Event: 37996.344 Thread 0x000002361677f8c0 Unloading class 0x0000023618016400 'java/lang/invoke/LambdaForm$MH+0x0000023618016400'
Event: 37996.345 Thread 0x000002361677f8c0 Unloading class 0x000002361800d800 'java/lang/invoke/LambdaForm$MH+0x000002361800d800'
Event: 37996.345 Thread 0x000002361677f8c0 Unloading class 0x000002361800d400 'java/lang/invoke/LambdaForm$MH+0x000002361800d400'
Event: 37996.345 Thread 0x000002361677f8c0 Unloading class 0x000002361800d000 'java/lang/invoke/LambdaForm$MH+0x000002361800d000'
Event: 37996.345 Thread 0x000002361677f8c0 Unloading class 0x000002361800cc00 'java/lang/invoke/LambdaForm$MH+0x000002361800cc00'
Event: 37996.345 Thread 0x000002361677f8c0 Unloading class 0x000002361800c800 'java/lang/invoke/LambdaForm$BMH+0x000002361800c800'
Event: 37996.345 Thread 0x000002361677f8c0 Unloading class 0x000002361800c000 'java/lang/invoke/LambdaForm$DMH+0x000002361800c000'
Event: 37996.345 Thread 0x000002361677f8c0 Unloading class 0x0000023618008c00 'java/lang/invoke/LambdaForm$MH+0x0000023618008c00'
Event: 37996.345 Thread 0x000002361677f8c0 Unloading class 0x0000023618008800 'java/lang/invoke/LambdaForm$MH+0x0000023618008800'
Event: 37996.345 Thread 0x000002361677f8c0 Unloading class 0x0000023618008400 'java/lang/invoke/LambdaForm$MH+0x0000023618008400'
Event: 37996.345 Thread 0x000002361677f8c0 Unloading class 0x0000023618007000 'java/lang/invoke/LambdaForm$MH+0x0000023618007000'
Event: 37996.345 Thread 0x000002361677f8c0 Unloading class 0x0000023618006800 'java/lang/invoke/LambdaForm$MH+0x0000023618006800'
Event: 37996.345 Thread 0x000002361677f8c0 Unloading class 0x0000023618006400 'java/lang/invoke/LambdaForm$MH+0x0000023618006400'
Event: 37996.345 Thread 0x000002361677f8c0 Unloading class 0x0000023618006000 'java/lang/invoke/LambdaForm$MH+0x0000023618006000'
Event: 37996.345 Thread 0x000002361677f8c0 Unloading class 0x0000023618005c00 'java/lang/invoke/LambdaForm$BMH+0x0000023618005c00'
Event: 37996.345 Thread 0x000002361677f8c0 Unloading class 0x0000023618004800 'java/lang/invoke/LambdaForm$DMH+0x0000023618004800'
Event: 37996.346 Thread 0x000002361677f8c0 Unloading class 0x0000023618002400 'java/lang/invoke/LambdaForm$MH+0x0000023618002400'
Event: 37996.346 Thread 0x000002361677f8c0 Unloading class 0x0000023618002000 'java/lang/invoke/LambdaForm$MH+0x0000023618002000'
Event: 37996.346 Thread 0x000002361677f8c0 Unloading class 0x0000023618001800 'java/lang/invoke/LambdaForm$MH+0x0000023618001800'

Classes redefined (0 events):
No events

Internal exceptions (20 events):
Event: 38020.833 Thread 0x0000023658840c10 Exception <a 'sun/nio/fs/WindowsException'{0x00000000d5946318}> (0x00000000d5946318) 
thrown [s\src\hotspot\share\prims\jni.cpp, line 520]
Event: 38050.932 Thread 0x0000023658840c10 Exception <a 'sun/nio/fs/WindowsException'{0x00000000d5bceb78}> (0x00000000d5bceb78) 
thrown [s\src\hotspot\share\prims\jni.cpp, line 520]
Event: 38051.885 Thread 0x0000023658840c10 Exception <a 'sun/nio/fs/WindowsException'{0x00000000d6106170}> (0x00000000d6106170) 
thrown [s\src\hotspot\share\prims\jni.cpp, line 520]
Event: 38066.417 Thread 0x000002365ec71c10 Exception <a 'sun/nio/fs/WindowsException'{0x00000000d61aedc0}> (0x00000000d61aedc0) 
thrown [s\src\hotspot\share\prims\jni.cpp, line 520]
Event: 38066.419 Thread 0x000002365ec71c10 Exception <a 'sun/nio/fs/WindowsException'{0x00000000d61af948}> (0x00000000d61af948) 
thrown [s\src\hotspot\share\prims\jni.cpp, line 520]
Event: 38085.714 Thread 0x000002365ec75090 Exception <a 'sun/nio/fs/WindowsException'{0x00000000d5752768}> (0x00000000d5752768) 
thrown [s\src\hotspot\share\prims\jni.cpp, line 520]
Event: 38091.300 Thread 0x000002365ff01a50 Implicit null exception at 0x000002360b28c511 to 0x000002360b28d70c
Event: 38091.481 Thread 0x000002365ec71c10 Exception <a 'sun/nio/fs/WindowsException'{0x00000000d5d12608}> (0x00000000d5d12608) 
thrown [s\src\hotspot\share\prims\jni.cpp, line 520]
Event: 38091.545 Thread 0x000002365ec71c10 Implicit null exception at 0x000002360b2936f0 to 0x000002360b294f00
Event: 38119.075 Thread 0x0000023658840c10 Exception <a 'sun/nio/fs/WindowsException'{0x00000000d5d57190}> (0x00000000d5d57190) 
thrown [s\src\hotspot\share\prims\jni.cpp, line 520]
Event: 38119.505 Thread 0x0000023658840c10 Exception <a 'sun/nio/fs/WindowsException'{0x00000000d6416df8}> (0x00000000d6416df8) 
thrown [s\src\hotspot\share\prims\jni.cpp, line 520]
Event: 38223.410 Thread 0x000002365ec78ba0 Implicit null exception at 0x000002360bb3b540 to 0x000002360bb3d488
Event: 38223.410 Thread 0x000002365ec78ba0 Implicit null exception at 0x000002360ba55539 to 0x000002360ba557e0
Event: 38223.411 Thread 0x000002365ec78ba0 Implicit null exception at 0x000002360b054a12 to 0x000002360b054ab9
Event: 38385.488 Thread 0x000002365ec75090 Exception <a 'sun/nio/fs/WindowsException'{0x00000000d5cf5238}> (0x00000000d5cf5238) 
thrown [s\src\hotspot\share\prims\jni.cpp, line 520]
Event: 38385.488 Thread 0x000002365ec75090 Exception <a 'sun/nio/fs/WindowsException'{0x00000000d5cf5dc0}> (0x00000000d5cf5dc0) 
thrown [s\src\hotspot\share\prims\jni.cpp, line 520]
Event: 38747.518 Thread 0x000002365ec75090 Exception <a 'sun/nio/fs/WindowsException'{0x00000000d59b41c8}> (0x00000000d59b41c8) 
thrown [s\src\hotspot\share\prims\jni.cpp, line 520]
Event: 38747.518 Thread 0x000002365ec75090 Exception <a 'sun/nio/fs/WindowsException'{0x00000000d59b4d50}> (0x00000000d59b4d50) 
thrown [s\src\hotspot\share\prims\jni.cpp, line 520]
Event: 39372.095 Thread 0x000002365ec75090 Exception <a 'sun/nio/fs/WindowsException'{0x00000000d607a3d8}> (0x00000000d607a3d8) 
thrown [s\src\hotspot\share\prims\jni.cpp, line 520]
Event: 39372.095 Thread 0x000002365ec75090 Exception <a 'sun/nio/fs/WindowsException'{0x00000000d607af60}> (0x00000000d607af60) 
thrown [s\src\hotspot\share\prims\jni.cpp, line 520]

ZGC Phase Switch (0 events):
No events

VM Operations (20 events):
Event: 79550.397 Executing VM operation: HandshakeAllThreads (HandshakeForDeflation)
Event: 79550.400 Executing VM operation: HandshakeAllThreads (HandshakeForDeflation) done
Event: 79550.401 Executing VM operation: RendezvousGCThreads
Event: 79550.401 Executing VM operation: RendezvousGCThreads done
Event: 80452.130 Executing VM operation: HandshakeAllThreads (HandshakeForDeflation)
Event: 80452.137 Executing VM operation: HandshakeAllThreads (HandshakeForDeflation) done
Event: 80452.138 Executing VM operation: RendezvousGCThreads
Event: 80452.139 Executing VM operation: RendezvousGCThreads done
Event: 81353.981 Executing VM operation: HandshakeAllThreads (HandshakeForDeflation)
Event: 81353.986 Executing VM operation: HandshakeAllThreads (HandshakeForDeflation) done
Event: 81353.987 Executing VM operation: RendezvousGCThreads
Event: 81353.988 Executing VM operation: RendezvousGCThreads done
Event: 82255.657 Executing VM operation: HandshakeAllThreads (HandshakeForDeflation)
Event: 82255.661 Executing VM operation: HandshakeAllThreads (HandshakeForDeflation) done
Event: 82255.662 Executing VM operation: RendezvousGCThreads
Event: 82255.662 Executing VM operation: RendezvousGCThreads done
Event: 83157.272 Executing VM operation: HandshakeAllThreads (HandshakeForDeflation)
Event: 83157.277 Executing VM operation: HandshakeAllThreads (HandshakeForDeflation) done
Event: 83157.278 Executing VM operation: RendezvousGCThreads
Event: 83157.278 Executing VM operation: RendezvousGCThreads done

Memory protections (0 events):
No events

Nmethod flushes (20 events):
Event: 37996.858 Thread 0x000002361677f8c0 flushing  nmethod 0x0000023605f7d310
Event: 37996.858 Thread 0x000002361677f8c0 flushing  nmethod 0x0000023605f7d690
Event: 37996.858 Thread 0x000002361677f8c0 flushing  nmethod 0x0000023605f80f10
Event: 37996.858 Thread 0x000002361677f8c0 flushing  nmethod 0x0000023605f84190
Event: 37996.858 Thread 0x000002361677f8c0 flushing  nmethod 0x0000023605f88a10
Event: 37996.858 Thread 0x000002361677f8c0 flushing  nmethod 0x0000023606018010
Event: 37996.858 Thread 0x000002361677f8c0 flushing  nmethod 0x000002360606ff90
Event: 37996.858 Thread 0x000002361677f8c0 flushing osr nmethod 0x000002360609bb10
Event: 37996.858 Thread 0x000002361677f8c0 flushing  nmethod 0x0000023606111110
Event: 37996.858 Thread 0x000002361677f8c0 flushing  nmethod 0x0000023606111a10
Event: 37996.858 Thread 0x000002361677f8c0 flushing  nmethod 0x0000023606112990
Event: 37996.858 Thread 0x000002361677f8c0 flushing  nmethod 0x000002360611d790
Event: 37996.858 Thread 0x000002361677f8c0 flushing  nmethod 0x000002360612ad10
Event: 37996.858 Thread 0x000002361677f8c0 flushing  nmethod 0x0000023606183810
Event: 37996.858 Thread 0x000002361677f8c0 flushing  nmethod 0x0000023606191210
Event: 37996.858 Thread 0x000002361677f8c0 flushing  nmethod 0x00000236061b7c90
Event: 37996.858 Thread 0x000002361677f8c0 flushing  nmethod 0x0000023606230a90
Event: 37996.858 Thread 0x000002361677f8c0 flushing  nmethod 0x00000236062a4910
Event: 37996.858 Thread 0x000002361677f8c0 flushing  nmethod 0x00000236062a9590
Event: 37996.858 Thread 0x000002361677f8c0 flushing  nmethod 0x00000236062acf90

Events (20 events):
Event: 38385.493 Thread 0x0000023660f5c830 Thread exited: 0x0000023660f5c830
Event: 38385.493 Thread 0x0000023660f60340 Thread exited: 0x0000023660f60340
Event: 38419.084 Thread 0x000002365ff02e00 Thread exited: 0x000002365ff02e00
Event: 38437.766 Thread 0x000002365e470d90 Thread exited: 0x000002365e470d90
Event: 38747.517 Thread 0x000002365ec75090 Thread added: 0x0000023660f61060
Event: 38747.517 Thread 0x0000023660f61060 Thread exited: 0x0000023660f61060
Event: 38747.521 Thread 0x000002365ec75090 Thread added: 0x0000023660f61060
Event: 38747.522 Thread 0x0000023660f61060 Thread added: 0x0000023660f5f620
Event: 38747.522 Thread 0x0000023660f61060 Thread added: 0x0000023660f5c830
Event: 38747.522 Thread 0x0000023660f5c830 Thread exited: 0x0000023660f5c830
Event: 38747.522 Thread 0x0000023660f5f620 Thread exited: 0x0000023660f5f620
Event: 38747.522 Thread 0x0000023660f61060 Thread exited: 0x0000023660f61060
Event: 39372.094 Thread 0x000002365ec75090 Thread added: 0x0000023660f609d0
Event: 39372.094 Thread 0x0000023660f609d0 Thread exited: 0x0000023660f609d0
Event: 39372.099 Thread 0x000002365ec75090 Thread added: 0x0000023660f5f620
Event: 39372.099 Thread 0x0000023660f5f620 Thread added: 0x0000023660f5bb10
Event: 39372.099 Thread 0x0000023660f5f620 Thread added: 0x0000023660f5c830
Event: 39372.099 Thread 0x0000023660f5c830 Thread exited: 0x0000023660f5c830
Event: 39372.099 Thread 0x0000023660f5f620 Thread exited: 0x0000023660f5f620
Event: 39372.099 Thread 0x0000023660f5bb10 Thread exited: 0x0000023660f5bb10


Dynamic libraries:
0x00007ff63f010000 - 0x00007ff63f01e000 	c:\Users\kauan.souza\.vscode\extensions\redhat.java-1.53.2026020308-win32-x64\jre\21.0.9-win32-x86_64\bin\java.exe
0x00007ff98cef0000 - 0x00007ff98d0e8000 	C:\Windows\SYSTEM32\ntdll.dll
0x00007ff98b7c0000 - 0x00007ff98b87d000 	C:\Windows\System32\KERNEL32.DLL
0x00007ff98aba0000 - 0x00007ff98ae96000 	C:\Windows\System32\KERNELBASE.dll
0x00007ff98a660000 - 0x00007ff98a760000 	C:\Windows\System32\ucrtbase.dll
0x00007ff972090000 - 0x00007ff9720a8000 	c:\Users\kauan.souza\.vscode\extensions\redhat.java-1.53.2026020308-win32-x64\jre\21.0.9-win32-x86_64\bin\jli.dll
0x00007ff98c8c0000 - 0x00007ff98ca5e000 	C:\Windows\System32\USER32.dll
0x00007ff98a830000 - 0x00007ff98a852000 	C:\Windows\System32\win32u.dll
0x00007ff98b920000 - 0x00007ff98b94b000 	C:\Windows\System32\GDI32.dll
0x00007ff98aa80000 - 0x00007ff98ab97000 	C:\Windows\System32\gdi32full.dll
0x00007ff98a790000 - 0x00007ff98a82d000 	C:\Windows\System32\msvcp_win.dll
0x00007ff96fca0000 - 0x00007ff96fcbe000 	c:\Users\kauan.souza\.vscode\extensions\redhat.java-1.53.2026020308-win32-x64\jre\21.0.9-win32-x86_64\bin\VCRUNTIME140.dll
0x00007ff989980000 - 0x00007ff989c1a000 	C:\Windows\WinSxS\amd64_microsoft.windows.common-controls_6595b64144ccf1df_6.0.19041.3636_none_60b6a03d71f818d5\COMCTL32.dll
0x00007ff98b690000 - 0x00007ff98b72e000 	C:\Windows\System32\msvcrt.dll
0x00007ff98b8e0000 - 0x00007ff98b912000 	C:\Windows\System32\IMM32.DLL
0x00007ff985220000 - 0x00007ff98522c000 	c:\Users\kauan.souza\.vscode\extensions\redhat.java-1.53.2026020308-win32-x64\jre\21.0.9-win32-x86_64\bin\vcruntime140_1.dll
0x00007ff946f00000 - 0x00007ff946f8d000 	c:\Users\kauan.souza\.vscode\extensions\redhat.java-1.53.2026020308-win32-x64\jre\21.0.9-win32-x86_64\bin\msvcp140.dll
0x00007ff8cffe0000 - 0x00007ff8d0d80000 	c:\Users\kauan.souza\.vscode\extensions\redhat.java-1.53.2026020308-win32-x64\jre\21.0.9-win32-x86_64\bin\server\jvm.dll
0x00007ff98af30000 - 0x00007ff98afe3000 	C:\Windows\System32\ADVAPI32.dll
0x00007ff98ba20000 - 0x00007ff98babf000 	C:\Windows\System32\sechost.dll
0x00007ff98bac0000 - 0x00007ff98bbe6000 	C:\Windows\System32\RPCRT4.dll
0x00007ff98a760000 - 0x00007ff98a787000 	C:\Windows\System32\bcrypt.dll
0x00007ff98b620000 - 0x00007ff98b68b000 	C:\Windows\System32\WS2_32.dll
0x00007ff98a1b0000 - 0x00007ff98a1fb000 	C:\Windows\SYSTEM32\POWRPROF.dll
0x00007ff972810000 - 0x00007ff972837000 	C:\Windows\SYSTEM32\WINMM.dll
0x00007ff984100000 - 0x00007ff98410a000 	C:\Windows\SYSTEM32\VERSION.dll
0x00007ff989c20000 - 0x00007ff989c32000 	C:\Windows\SYSTEM32\UMPDC.dll
0x00007ff987490000 - 0x00007ff9874a2000 	C:\Windows\SYSTEM32\kernel.appcore.dll
0x00007ff96fc90000 - 0x00007ff96fc9a000 	c:\Users\kauan.souza\.vscode\extensions\redhat.java-1.53.2026020308-win32-x64\jre\21.0.9-win32-x86_64\bin\jimage.dll
0x00007ff989fc0000 - 0x00007ff98a1a4000 	C:\Windows\SYSTEM32\DBGHELP.DLL
0x00007ff989d50000 - 0x00007ff989d84000 	C:\Windows\SYSTEM32\dbgcore.DLL
0x00007ff98aea0000 - 0x00007ff98af22000 	C:\Windows\System32\bcryptPrimitives.dll
0x00007ff963b20000 - 0x00007ff963b2f000 	c:\Users\kauan.souza\.vscode\extensions\redhat.java-1.53.2026020308-win32-x64\jre\21.0.9-win32-x86_64\bin\instrument.dll
0x00007ff960d90000 - 0x00007ff960db0000 	c:\Users\kauan.souza\.vscode\extensions\redhat.java-1.53.2026020308-win32-x64\jre\21.0.9-win32-x86_64\bin\java.dll
0x00007ff94fd40000 - 0x00007ff94fd58000 	c:\Users\kauan.souza\.vscode\extensions\redhat.java-1.53.2026020308-win32-x64\jre\21.0.9-win32-x86_64\bin\zip.dll
0x00007ff98bca0000 - 0x00007ff98c3e5000 	C:\Windows\System32\SHELL32.dll
0x00007ff987d20000 - 0x00007ff9884bc000 	C:\Windows\SYSTEM32\windows.storage.dll
0x00007ff98ca80000 - 0x00007ff98cdd4000 	C:\Windows\System32\combase.dll
0x00007ff9898e0000 - 0x00007ff98990e000 	C:\Windows\SYSTEM32\Wldp.dll
0x00007ff98cde0000 - 0x00007ff98cead000 	C:\Windows\System32\OLEAUT32.dll
0x00007ff98b970000 - 0x00007ff98ba1d000 	C:\Windows\System32\SHCORE.dll
0x00007ff98aff0000 - 0x00007ff98b045000 	C:\Windows\System32\shlwapi.dll
0x00007ff98a4e0000 - 0x00007ff98a505000 	C:\Windows\SYSTEM32\profapi.dll
0x00007ff963b10000 - 0x00007ff963b20000 	C:\Users\kauan.souza\.vscode\extensions\redhat.java-1.53.2026020308-win32-x64\jre\21.0.9-win32-x86_64\bin\net.dll
0x00007ff988ef0000 - 0x00007ff988ffa000 	C:\Windows\SYSTEM32\WINHTTP.dll
0x00007ff9897b0000 - 0x00007ff98981a000 	C:\Windows\system32\mswsock.dll
0x00007ff94e840000 - 0x00007ff94e856000 	C:\Users\kauan.souza\.vscode\extensions\redhat.java-1.53.2026020308-win32-x64\jre\21.0.9-win32-x86_64\bin\nio.dll
0x00007ff960dd0000 - 0x00007ff960de0000 	c:\Users\kauan.souza\.vscode\extensions\redhat.java-1.53.2026020308-win32-x64\jre\21.0.9-win32-x86_64\bin\verify.dll
0x00007ff936a40000 - 0x00007ff936a85000 	C:\Users\kauan.souza\AppData\Roaming\Code\User\globalStorage\redhat.java\1.53.2026020308\config_win\org.eclipse.equinox.launcher\org.eclipse.equinox.launcher.win32.win32.x86_64_1.2.1500.v20260121-1430\eclipse_11919.dll
0x00007ff98b410000 - 0x00007ff98b53b000 	C:\Windows\System32\ole32.dll
0x00007ff98a320000 - 0x00007ff98a338000 	C:\Windows\SYSTEM32\CRYPTSP.dll
0x00007ff988e60000 - 0x00007ff988e94000 	C:\Windows\system32\rsaenh.dll
0x00007ff98a4a0000 - 0x00007ff98a4ce000 	C:\Windows\SYSTEM32\USERENV.dll
0x00007ff9898a0000 - 0x00007ff9898ac000 	C:\Windows\SYSTEM32\CRYPTBASE.dll
0x00007ff9892d0000 - 0x00007ff98930b000 	C:\Windows\SYSTEM32\IPHLPAPI.DLL
0x00007ff98b1d0000 - 0x00007ff98b1d8000 	C:\Windows\System32\NSI.dll
0x00007ff9369a0000 - 0x00007ff9369e9000 	C:\Users\kauan.souza\AppData\Local\Temp\jna--84378530\jna11189538302222616773.dll
0x00007ff98ca70000 - 0x00007ff98ca78000 	C:\Windows\System32\PSAPI.DLL
0x00007ff9839d0000 - 0x00007ff9839e7000 	C:\Windows\SYSTEM32\dhcpcsvc6.DLL
0x00007ff9839b0000 - 0x00007ff9839cd000 	C:\Windows\SYSTEM32\dhcpcsvc.DLL
0x00007ff95f4e0000 - 0x00007ff95f4ee000 	C:\Users\kauan.souza\.vscode\extensions\redhat.java-1.53.2026020308-win32-x64\jre\21.0.9-win32-x86_64\bin\sunmscapi.dll
0x00007ff98a8d0000 - 0x00007ff98aa2d000 	C:\Windows\System32\CRYPT32.dll
0x00007ff989950000 - 0x00007ff989978000 	C:\Windows\SYSTEM32\ncrypt.dll
0x00007ff989910000 - 0x00007ff98994b000 	C:\Windows\SYSTEM32\NTASN1.dll
0x00007ff989310000 - 0x00007ff9893db000 	C:\Windows\SYSTEM32\DNSAPI.dll
0x00007ff981660000 - 0x00007ff98166a000 	C:\Windows\System32\rasadhlp.dll
0x00007ff984110000 - 0x00007ff984190000 	C:\Windows\System32\fwpuclnt.dll
0x00007ff95f2d0000 - 0x00007ff95f2d9000 	C:\Users\kauan.souza\.vscode\extensions\redhat.java-1.53.2026020308-win32-x64\jre\21.0.9-win32-x86_64\bin\extnet.dll
0x00007ff98a2e0000 - 0x00007ff98a313000 	C:\Windows\SYSTEM32\ntmarta.dll
0x00007ff974d40000 - 0x00007ff974d47000 	C:\Windows\system32\wshunix.dll

JVMTI agents:
c:\Users\kauan.souza\.vscode\extensions\redhat.java-1.53.2026020308-win32-x64\lombok\lombok-1.18.39-4050.jar path:c:\Users\kauan.souza\.vscode\extensions\redhat.java-1.53.2026020308-win32-x64\jre\21.0.9-win32-x86_64\bin\instrument.dll, loaded, initialized, instrumentlib options:none

dbghelp: loaded successfully - version: 4.0.5 - missing functions: none
symbol engine: initialized successfully - sym options: 0x614 - pdb path: .;c:\Users\kauan.souza\.vscode\extensions\redhat.java-1.53.2026020308-win32-x64\jre\21.0.9-win32-x86_64\bin;C:\Windows\SYSTEM32;C:\Windows\WinSxS\amd64_microsoft.windows.common-controls_6595b64144ccf1df_6.0.19041.3636_none_60b6a03d71f818d5;c:\Users\kauan.souza\.vscode\extensions\redhat.java-1.53.2026020308-win32-x64\jre\21.0.9-win32-x86_64\bin\server;C:\Users\kauan.souza\AppData\Roaming\Code\User\globalStorage\redhat.java\1.53.2026020308\config_win\org.eclipse.equinox.launcher\org.eclipse.equinox.launcher.win32.win32.x86_64_1.2.1500.v20260121-1430;C:\Users\kauan.souza\AppData\Local\Temp\jna--84378530

VM Arguments:
jvm_args: --add-modules=ALL-SYSTEM --add-opens=java.base/java.util=ALL-UNNAMED --add-opens=java.base/java.lang=ALL-UNNAMED --add-opens=java.base/sun.nio.fs=ALL-UNNAMED -Declipse.application=org.eclipse.jdt.ls.core.id1 -Dosgi.bundles.defaultStartLevel=4 -Declipse.product=org.eclipse.jdt.ls.core.product -Djava.import.generatesMetadataFilesAtProjectRoot=false -DDetectVMInstallationsJob.disabled=true -Dfile.encoding=utf8 -XX:+UseParallelGC -XX:GCTimeRatio=4 -XX:AdaptiveSizePolicyWeight=90 -Dsun.zip.disableMemoryMapping=true -Xmx2G -Xms100m -Xlog:disable -javaagent:c:\Users\kauan.souza\.vscode\extensions\redhat.java-1.53.2026020308-win32-x64\lombok\lombok-1.18.39-4050.jar -XX:+HeapDumpOnOutOfMemoryError -XX:HeapDumpPath=c:\Users\kauan.souza\AppData\Roaming\Code\User\workspaceStorage\592f5c22aa86c22386d8400b1c3272de\redhat.java -Daether.dependencyCollector.impl=bf -XX:+UnlockDiagnosticVMOptions -XX:+AllowArchivingWithJavaAgent -XX:+AutoCreateSharedArchive -XX:SharedArchiveFile=c:\Users\kauan.souza\AppData\Roaming\Code\User\globalStorage\redhat.java\1.53.2026020308\jdtls.jsa 
java_command: c:\Users\kauan.souza\.vscode\extensions\redhat.java-1.53.2026020308-win32-x64\server\plugins\org.eclipse.equinox.launcher_1.7.100.v20251111-0406.jar -configuration c:\Users\kauan.souza\AppData\Roaming\Code\User\globalStorage\redhat.java\1.53.2026020308\config_win -data c:\Users\kauan.souza\AppData\Roaming\Code\User\workspaceStorage\592f5c22aa86c22386d8400b1c3272de\redhat.java\jdt_ws --pipe=\\.\pipe\lsp-74c0ad38ac23878a0bb49cc42a818b1d-sock
java_class_path (initial): c:\Users\kauan.souza\.vscode\extensions\redhat.java-1.53.2026020308-win32-x64\server\plugins\org.eclipse.equinox.launcher_1.7.100.v20251111-0406.jar
Launcher Type: SUN_STANDARD

[Global flags]
    uintx AdaptiveSizePolicyWeight                 = 90                                        {product} {command line}
     bool AllowArchivingWithJavaAgent              = true                             {JVMCI diagnostic} {command line}
     bool AutoCreateSharedArchive                  = true                                {JVMCI product} {command line}
     intx CICompilerCount                          = 3                                         {product} {ergonomic}
    uintx GCTimeRatio                              = 4                                         {product} {command line}
     bool HeapDumpOnOutOfMemoryError               = true                                   {manageable} {command line}
    ccstr HeapDumpPath                             = c:\Users\kauan.souza\AppData\Roaming\Code\User\workspaceStorage\592f5c22aa86c22386d8400b1c3272de\redhat.java         {manageable} {command line}
   size_t InitialHeapSize                          = 104857600                                 {product} {command line}
   size_t MaxHeapSize                              = 2147483648                                {product} {command line}
   size_t MaxNewSize                               = 715653120                                 {product} {ergonomic}
   size_t MinHeapDeltaBytes                        = 524288                                    {product} {ergonomic}
   size_t MinHeapSize                              = 104857600                                 {product} {command line}
   size_t NewSize                                  = 34603008                                  {product} {ergonomic}
    uintx NonNMethodCodeHeapSize                   = 5832780                                {pd product} {ergonomic}
    uintx NonProfiledCodeHeapSize                  = 122912730                              {pd product} {ergonomic}
   size_t OldSize                                  = 70254592                                  {product} {ergonomic}
    uintx ProfiledCodeHeapSize                     = 122912730                              {pd product} {ergonomic}
    uintx ReservedCodeCacheSize                    = 251658240                              {pd product} {ergonomic}
     bool SegmentedCodeCache                       = true                                      {product} {ergonomic}
    ccstr SharedArchiveFile                        =                                     {JVMCI product} {command line}
   size_t SoftMaxHeapSize                          = 2147483648                             {manageable} {ergonomic}
     bool UnlockDiagnosticVMOptions                = true                                   {diagnostic} {command line}
     bool UseCompressedOops                        = true                           {product lp64_product} {ergonomic}
     bool UseLargePagesIndividualAllocation        = false                                  {pd product} {ergonomic}
     bool UseParallelGC                            = true                                      {product} {command line}

Logging:
Log output configuration:
 #0: stdout all=off uptime,level,tags foldmultilines=false
 #1: stderr all=off uptime,level,tags foldmultilines=false

Release file:
JAVA_VERSION="21.0.9" 
MODULES="java.base java.compiler java.datatransfer java.xml java.prefs java.desktop java.instrument java.logging java.management java.security.sasl java.naming java.rmi java.management.rmi java.net.http java.scripting java.security.jgss java.transaction.xa java.sql java.sql.rowset java.xml.crypto java.se java.smartcardio jdk.accessibility jdk.internal.jvmstat jdk.attach jdk.charsets jdk.internal.opt jdk.zipfs jdk.compiler jdk.crypto.ec jdk.crypto.cryptoki jdk.crypto.mscapi jdk.dynalink jdk.internal.ed jdk.editpad jdk.hotspot.agent jdk.httpserver jdk.internal.le jdk.internal.vm.ci jdk.internal.vm.compiler jdk.internal.vm.compiler.management jdk.jartool jdk.javadoc jdk.jcmd jdk.management jdk.management.agent jdk.jconsole jdk.jdeps jdk.jdwp.agent jdk.jdi jdk.jfr jdk.jshell jdk.jsobject jdk.jstatd jdk.localedata jdk.management.jfr jdk.naming.dns jdk.naming.rmi jdk.net jdk.nio.mapmode jdk.random jdk.sctp jdk.security.auth jdk.security.jgss jdk.unsupported jdk.unsupported.desktop jdk.xml.dom" 

Environment Variables:
PATH=C:\Program Files\Eclipse Adoptium\jdk-11.0.28.6-hotspot\bin;C:\Program Files\Eclipse Adoptium\jdk-8.0.462.8-hotspot\bin;C:\Users\kauan.souza\AppData\Local\Programs\Python\Python313\Scripts\;C:\Users\kauan.souza\AppData\Local\Programs\Python\Python313\;C:\Windows\system32;C:\Windows;C:\Windows\System32\Wbem;C:\Windows\System32\WindowsPowerShell\v1.0\;C:\Windows\System32\OpenSSH\;C:\Program Files (x86)\Microsoft SQL Server\160\DTS\Binn\;C:\Program Files\Git\cmd;C:\Program Files\Microsoft SQL Server\150\Tools\Binn\;C:\Program Files\Microsoft SQL Server\Client SDK\ODBC\170\Tools\Binn\;C:\Program Files\dotnet\;C:\Program Files\MySQL\MySQL Server 8.0\bin;C:\Program Files\Eclipse Adoptium\jdk-25.0.0.36-hotspot\bin;C:\Program Files\Apache\Maven\apache-maven-3.9.11\bin;C:\ProgramData\chocolatey\bin;C:\Program Files\nodejs\;C:\Program Files (x86)\HP\Common\HPDestPlgIn\;C:\Program Files\Amazon\AWSCLIV2\;C:\Program Files\MySQL\MySQL Shell 8.0\bin\;C:\Users\kauan.souza\AppData\Local\Microsoft\WindowsApps;C:\Users\kauan.souza\.dotnet\tools;C:\Users\kauan.souza\AppData\Local\Programs\Microsoft VS Code\bin;C:\Program Files\MySQL\MySQL Server 8.0\bin;C:\Program Files\Eclipse Adoptium\jdk-25.0.0.36-hotspot\bin;C:\Program Files\Apache\Maven\apache-maven-3.9.11\bin;C:\Users\kauan.souza\AppData\Roaming\npm;C:\Program Files\JetBrains\IntelliJ IDEA Community Edition 2024.2.3\bin;;C:\Program Files (x86)\HP\Common\HPDestPlgIn\
USERNAME=kauan.souza
OS=Windows_NT
PROCESSOR_IDENTIFIER=Intel64 Family 6 Model 158 Stepping 11, GenuineIntel
TMP=C:\Users\KAUAN~1.SOU\AppData\Local\Temp
TEMP=C:\Users\KAUAN~1.SOU\AppData\Local\Temp




Periodic native trim disabled

---------------  S Y S T E M  ---------------

OS:
 Windows 10 , 64 bit Build 19041 (10.0.19041.3636)
OS uptime: 1 days 12:23 hours

CPU: total 4 (initial active 4) (4 cores per cpu, 1 threads per core) family 6 model 158 stepping 11 microcode 0xb4, cx8, cmov, fxsr, mmx, 3dnowpref, sse, sse2, sse3, ssse3, sse4.1, sse4.2, popcnt, lzcnt, tsc, tscinvbit, avx, avx2, aes, erms, clmul, bmi1, bmi2, adx, fma, vzeroupper, clflush, clflushopt, rdtscp, f16c
Processor Information for the first 4 processors :
  Max Mhz: 3600, Current Mhz: 3600, Mhz Limit: 3600

Memory: 4k page, system-wide physical 12111M (506M free)
TotalPageFile size 27293M (AvailPageFile size 5M)
current process WorkingSet (physical memory assigned to process): 7M, peak: 1386M
current process commit charge ("private bytes"): 1424M, peak: 1461M

vm_info: OpenJDK 64-Bit Server VM (21.0.9+10-LTS) for windows-amd64 JRE (21.0.9+10-LTS), built on 2025-10-21T00:00:00Z by "admin" with unknown MS VC++:1942

END.
